[debug] [2021-07-20T13:39:28.827Z] ----------------------------------------------------------------------
[debug] [2021-07-20T13:39:28.829Z] Command:       D:\programs\nodejs\node.exe C:\Users\devan\AppData\Roaming\npm\node_modules\firebase-tools\lib\bin\firebase.js --debug deploy
[debug] [2021-07-20T13:39:28.829Z] CLI Version:   9.13.1
[debug] [2021-07-20T13:39:28.829Z] Platform:      win32
[debug] [2021-07-20T13:39:28.829Z] Node Version:  v16.2.0
[debug] [2021-07-20T13:39:28.830Z] Time:          Tue Jul 20 2021 19:09:28 GMT+0530 (India Standard Time)
[debug] [2021-07-20T13:39:28.830Z] ----------------------------------------------------------------------
[debug] 
[debug] [2021-07-20T13:39:28.837Z] > command requires scopes: ["email","openid","https://www.googleapis.com/auth/cloudplatformprojects.readonly","https://www.googleapis.com/auth/firebase","https://www.googleapis.com/auth/cloud-platform"]
[debug] [2021-07-20T13:39:28.839Z] > authorizing via signed-in user (devanshdixit01@gmail.com)
[debug] [2021-07-20T13:39:28.839Z] [iam] checking project final-feef1 for permissions ["cloudfunctions.functions.create","cloudfunctions.functions.delete","cloudfunctions.functions.get","cloudfunctions.functions.list","cloudfunctions.functions.update","cloudfunctions.operations.get","firebase.projects.get","firebasehosting.sites.update"]
[debug] [2021-07-20T13:39:28.843Z] >>> HTTP REQUEST POST https://cloudresourcemanager.googleapis.com/v1/projects/final-feef1:testIamPermissions  
 {"permissions":["cloudfunctions.functions.create","cloudfunctions.functions.delete","cloudfunctions.functions.get","cloudfunctions.functions.list","cloudfunctions.functions.update","cloudfunctions.operations.get","firebase.projects.get","firebasehosting.sites.update"]}
[debug] [2021-07-20T13:39:30.276Z] <<< HTTP RESPONSE 200 {"content-type":"application/json; charset=UTF-8","vary":"X-Origin, Referer, Origin,Accept-Encoding","date":"Tue, 20 Jul 2021 13:39:29 GMT","server":"ESF","cache-control":"private","x-xss-protection":"0","x-frame-options":"SAMEORIGIN","x-content-type-options":"nosniff","server-timing":"gfet4t7; dur=1322","alt-svc":"h3=\":443\"; ma=2592000,h3-29=\":443\"; ma=2592000,h3-T051=\":443\"; ma=2592000,h3-Q050=\":443\"; ma=2592000,h3-Q046=\":443\"; ma=2592000,h3-Q043=\":443\"; ma=2592000,quic=\":443\"; ma=2592000; v=\"46,43\"","accept-ranges":"none","transfer-encoding":"chunked"}
[debug] [2021-07-20T13:39:30.279Z] >>> HTTP REQUEST POST https://iam.googleapis.com/v1/projects/final-feef1/serviceAccounts/final-feef1@appspot.gserviceaccount.com:testIamPermissions  
 {"permissions":["iam.serviceAccounts.actAs"]}
[debug] [2021-07-20T13:39:31.746Z] <<< HTTP RESPONSE 200 {"content-type":"application/json; charset=UTF-8","vary":"X-Origin, Referer, Origin,Accept-Encoding","date":"Tue, 20 Jul 2021 13:39:31 GMT","server":"ESF","cache-control":"private","x-xss-protection":"0","x-frame-options":"SAMEORIGIN","x-content-type-options":"nosniff","alt-svc":"h3=\":443\"; ma=2592000,h3-29=\":443\"; ma=2592000,h3-T051=\":443\"; ma=2592000,h3-Q050=\":443\"; ma=2592000,h3-Q046=\":443\"; ma=2592000,h3-Q043=\":443\"; ma=2592000,quic=\":443\"; ma=2592000; v=\"46,43\"","accept-ranges":"none","transfer-encoding":"chunked"}
[debug] [2021-07-20T13:39:31.749Z] > refreshing access token with scopes: []
[debug] [2021-07-20T13:39:31.750Z] >>> HTTP REQUEST POST https://www.googleapis.com/oauth2/v3/token  
 <request body omitted>
[debug] [2021-07-20T13:39:31.910Z] <<< HTTP RESPONSE 200 {"date":"Tue, 20 Jul 2021 13:39:31 GMT","expires":"Mon, 01 Jan 1990 00:00:00 GMT","pragma":"no-cache","cache-control":"no-cache, no-store, max-age=0, must-revalidate","content-type":"application/json; charset=utf-8","vary":"X-Origin, Referer, Origin,Accept-Encoding","server":"scaffolding on HTTPServer2","x-xss-protection":"0","x-frame-options":"SAMEORIGIN","x-content-type-options":"nosniff","alt-svc":"h3=\":443\"; ma=2592000,h3-29=\":443\"; ma=2592000,h3-T051=\":443\"; ma=2592000,h3-Q050=\":443\"; ma=2592000,h3-Q046=\":443\"; ma=2592000,h3-Q043=\":443\"; ma=2592000,quic=\":443\"; ma=2592000; v=\"46,43\"","accept-ranges":"none","transfer-encoding":"chunked"}
[debug] [2021-07-20T13:39:31.946Z] >>> [apiv2][query] GET https://firebase.googleapis.com/v1beta1/projects/final-feef1 [none]
[debug] [2021-07-20T13:39:32.250Z] <<< [apiv2][status] GET https://firebase.googleapis.com/v1beta1/projects/final-feef1 200
[debug] [2021-07-20T13:39:32.251Z] <<< [apiv2][body] GET https://firebase.googleapis.com/v1beta1/projects/final-feef1 {"projectId":"final-feef1","projectNumber":"927190720438","displayName":"final","name":"projects/final-feef1","resources":{"hostingSite":"final-feef1","realtimeDatabaseInstance":"final-feef1","storageBucket":"final-feef1.appspot.com","locationId":"us-central"},"state":"ACTIVE"}
[info] 
[info] === Deploying to 'final-feef1'...
[info] 
[info] i  deploying functions, hosting 
[info] Running command: npm --prefix "$RESOURCE_DIR" run lint
[info] +  functions: Finished running predeploy script. 
[debug] [2021-07-20T13:39:35.279Z] Validating nodejs source
[debug] [2021-07-20T13:39:37.427Z] > [functions] package.json contents: {
  "name": "functions",
  "description": "Cloud Functions for Firebase",
  "scripts": {
    "lint": "eslint .",
    "serve": "firebase emulators:start --only functions",
    "shell": "firebase functions:shell",
    "start": "npm run shell",
    "deploy": "firebase deploy --only functions",
    "logs": "firebase functions:log"
  },
  "engines": {
    "node": "14"
  },
  "main": "index.js",
  "dependencies": {
    "body-parser": "^1.19.0",
    "cors": "^2.8.5",
    "crypto": "^1.0.1",
    "express": "^4.17.1",
    "firebase": "^8.7.1",
    "firebase-admin": "^9.8.0",
    "firebase-functions": "^3.14.1",
    "paytm-pg-node-sdk": "^1.0.4",
    "razorpay": "^2.0.6",
    "shortid": "^2.2.16"
  },
  "devDependencies": {
    "eslint": "^7.6.0",
    "eslint-config-google": "^0.14.0",
    "firebase-functions-test": "^0.2.0"
  },
  "private": true
}
[debug] [2021-07-20T13:39:37.434Z] Building nodejs source
[info] i  functions: ensuring required API cloudfunctions.googleapis.com is enabled... 
[debug] [2021-07-20T13:39:37.435Z] > refreshing access token with scopes: ["email","https://www.googleapis.com/auth/cloud-platform","https://www.googleapis.com/auth/cloudplatformprojects.readonly","https://www.googleapis.com/auth/firebase","openid"]
[debug] [2021-07-20T13:39:37.436Z] >>> HTTP REQUEST POST https://www.googleapis.com/oauth2/v3/token  
 <request body omitted>
[debug] [2021-07-20T13:39:37.437Z] > refreshing access token with scopes: ["email","https://www.googleapis.com/auth/cloud-platform","https://www.googleapis.com/auth/cloudplatformprojects.readonly","https://www.googleapis.com/auth/firebase","openid"]
[debug] [2021-07-20T13:39:37.437Z] >>> HTTP REQUEST POST https://www.googleapis.com/oauth2/v3/token  
 <request body omitted>
[info] i  functions: ensuring required API cloudbuild.googleapis.com is enabled... 
[debug] [2021-07-20T13:39:37.439Z] > refreshing access token with scopes: ["email","https://www.googleapis.com/auth/cloud-platform","https://www.googleapis.com/auth/cloudplatformprojects.readonly","https://www.googleapis.com/auth/firebase","openid"]
[debug] [2021-07-20T13:39:37.439Z] >>> HTTP REQUEST POST https://www.googleapis.com/oauth2/v3/token  
 <request body omitted>
[debug] [2021-07-20T13:39:37.632Z] <<< HTTP RESPONSE 200 {"pragma":"no-cache","date":"Tue, 20 Jul 2021 13:39:37 GMT","expires":"Mon, 01 Jan 1990 00:00:00 GMT","cache-control":"no-cache, no-store, max-age=0, must-revalidate","content-type":"application/json; charset=utf-8","vary":"X-Origin, Referer, Origin,Accept-Encoding","server":"scaffolding on HTTPServer2","x-xss-protection":"0","x-frame-options":"SAMEORIGIN","x-content-type-options":"nosniff","alt-svc":"h3=\":443\"; ma=2592000,h3-29=\":443\"; ma=2592000,h3-T051=\":443\"; ma=2592000,h3-Q050=\":443\"; ma=2592000,h3-Q046=\":443\"; ma=2592000,h3-Q043=\":443\"; ma=2592000,quic=\":443\"; ma=2592000; v=\"46,43\"","accept-ranges":"none","transfer-encoding":"chunked"}
[debug] [2021-07-20T13:39:37.662Z] >>> HTTP REQUEST GET https://serviceusage.googleapis.com/v1/projects/final-feef1/services/cloudbuild.googleapis.com  
 
[debug] [2021-07-20T13:39:37.666Z] <<< HTTP RESPONSE 200 {"expires":"Mon, 01 Jan 1990 00:00:00 GMT","pragma":"no-cache","cache-control":"no-cache, no-store, max-age=0, must-revalidate","date":"Tue, 20 Jul 2021 13:39:37 GMT","content-type":"application/json; charset=utf-8","vary":"X-Origin, Referer, Origin,Accept-Encoding","server":"scaffolding on HTTPServer2","x-xss-protection":"0","x-frame-options":"SAMEORIGIN","x-content-type-options":"nosniff","alt-svc":"h3=\":443\"; ma=2592000,h3-29=\":443\"; ma=2592000,h3-T051=\":443\"; ma=2592000,h3-Q050=\":443\"; ma=2592000,h3-Q046=\":443\"; ma=2592000,h3-Q043=\":443\"; ma=2592000,quic=\":443\"; ma=2592000; v=\"46,43\"","accept-ranges":"none","transfer-encoding":"chunked"}
[debug] [2021-07-20T13:39:37.691Z] >>> HTTP REQUEST GET https://serviceusage.googleapis.com/v1/projects/final-feef1/services/runtimeconfig.googleapis.com  
 
[debug] [2021-07-20T13:39:37.694Z] <<< HTTP RESPONSE 200 {"pragma":"no-cache","cache-control":"no-cache, no-store, max-age=0, must-revalidate","date":"Tue, 20 Jul 2021 13:39:37 GMT","expires":"Mon, 01 Jan 1990 00:00:00 GMT","content-type":"application/json; charset=utf-8","vary":"X-Origin, Referer, Origin,Accept-Encoding","server":"scaffolding on HTTPServer2","x-xss-protection":"0","x-frame-options":"SAMEORIGIN","x-content-type-options":"nosniff","alt-svc":"h3=\":443\"; ma=2592000,h3-29=\":443\"; ma=2592000,h3-T051=\":443\"; ma=2592000,h3-Q050=\":443\"; ma=2592000,h3-Q046=\":443\"; ma=2592000,h3-Q043=\":443\"; ma=2592000,quic=\":443\"; ma=2592000; v=\"46,43\"","accept-ranges":"none","transfer-encoding":"chunked"}
[debug] [2021-07-20T13:39:37.720Z] >>> HTTP REQUEST GET https://serviceusage.googleapis.com/v1/projects/final-feef1/services/cloudfunctions.googleapis.com  
 
[debug] [2021-07-20T13:39:39.404Z] <<< HTTP RESPONSE 200 {"content-type":"application/json; charset=UTF-8","vary":"X-Origin, Referer, Origin,Accept-Encoding","date":"Tue, 20 Jul 2021 13:39:38 GMT","server":"ESF","cache-control":"private","x-xss-protection":"0","x-frame-options":"SAMEORIGIN","x-content-type-options":"nosniff","alt-svc":"h3=\":443\"; ma=2592000,h3-29=\":443\"; ma=2592000,h3-T051=\":443\"; ma=2592000,h3-Q050=\":443\"; ma=2592000,h3-Q046=\":443\"; ma=2592000,h3-Q043=\":443\"; ma=2592000,quic=\":443\"; ma=2592000; v=\"46,43\"","accept-ranges":"none","transfer-encoding":"chunked"}
[debug] [2021-07-20T13:39:39.411Z] <<< HTTP RESPONSE 200 {"content-type":"application/json; charset=UTF-8","vary":"X-Origin, Referer, Origin,Accept-Encoding","date":"Tue, 20 Jul 2021 13:39:38 GMT","server":"ESF","cache-control":"private","x-xss-protection":"0","x-frame-options":"SAMEORIGIN","x-content-type-options":"nosniff","alt-svc":"h3=\":443\"; ma=2592000,h3-29=\":443\"; ma=2592000,h3-T051=\":443\"; ma=2592000,h3-Q050=\":443\"; ma=2592000,h3-Q046=\":443\"; ma=2592000,h3-Q043=\":443\"; ma=2592000,quic=\":443\"; ma=2592000; v=\"46,43\"","accept-ranges":"none","transfer-encoding":"chunked"}
[info] +  functions: required API cloudfunctions.googleapis.com is enabled 
[debug] [2021-07-20T13:39:39.414Z] <<< HTTP RESPONSE 200 {"content-type":"application/json; charset=UTF-8","vary":"X-Origin, Referer, Origin,Accept-Encoding","date":"Tue, 20 Jul 2021 13:39:38 GMT","server":"ESF","cache-control":"private","x-xss-protection":"0","x-frame-options":"SAMEORIGIN","x-content-type-options":"nosniff","alt-svc":"h3=\":443\"; ma=2592000,h3-29=\":443\"; ma=2592000,h3-T051=\":443\"; ma=2592000,h3-Q050=\":443\"; ma=2592000,h3-Q046=\":443\"; ma=2592000,h3-Q043=\":443\"; ma=2592000,quic=\":443\"; ma=2592000; v=\"46,43\"","accept-ranges":"none","transfer-encoding":"chunked"}
[info] +  functions: required API cloudbuild.googleapis.com is enabled 
[debug] [2021-07-20T13:39:39.416Z] >>> HTTP REQUEST GET https://firebase.googleapis.com/v1beta1/projects/final-feef1/adminSdkConfig  
 
[debug] [2021-07-20T13:39:40.002Z] <<< HTTP RESPONSE 200 {"content-type":"application/json; charset=UTF-8","vary":"X-Origin, Referer, Origin,Accept-Encoding","date":"Tue, 20 Jul 2021 13:39:39 GMT","server":"ESF","cache-control":"private","x-xss-protection":"0","x-frame-options":"SAMEORIGIN","x-content-type-options":"nosniff","alt-svc":"h3=\":443\"; ma=2592000,h3-29=\":443\"; ma=2592000,h3-T051=\":443\"; ma=2592000,h3-Q050=\":443\"; ma=2592000,h3-Q046=\":443\"; ma=2592000,h3-Q043=\":443\"; ma=2592000,quic=\":443\"; ma=2592000; v=\"46,43\"","accept-ranges":"none","transfer-encoding":"chunked"}
[debug] [2021-07-20T13:39:40.005Z] >>> HTTP REQUEST GET https://runtimeconfig.googleapis.com/v1beta1/projects/final-feef1/configs  
 
[debug] [2021-07-20T13:39:40.422Z] <<< HTTP RESPONSE 200 {"content-type":"application/json; charset=UTF-8","vary":"X-Origin, Referer, Origin,Accept-Encoding","date":"Tue, 20 Jul 2021 13:39:39 GMT","server":"ESF","cache-control":"private","x-xss-protection":"0","x-frame-options":"SAMEORIGIN","x-content-type-options":"nosniff","alt-svc":"h3=\":443\"; ma=2592000,h3-29=\":443\"; ma=2592000,h3-T051=\":443\"; ma=2592000,h3-Q050=\":443\"; ma=2592000,h3-Q046=\":443\"; ma=2592000,h3-Q043=\":443\"; ma=2592000,quic=\":443\"; ma=2592000; v=\"46,43\"","accept-ranges":"none","transfer-encoding":"chunked"}
[debug] [2021-07-20T13:39:40.426Z] Analyzing nodejs backend spec
[info] i  functions: preparing functions directory for uploading... 
[info] i  functions: packaged functions (102.59 KB) for uploading 
[debug] [2021-07-20T13:39:40.815Z] >>> HTTP REQUEST GET https://cloudfunctions.googleapis.com/v1/projects/final-feef1/locations/-/functions  
 
[debug] [2021-07-20T13:39:41.418Z] <<< HTTP RESPONSE 200 {"content-type":"application/json; charset=UTF-8","vary":"X-Origin, Referer, Origin,Accept-Encoding","date":"Tue, 20 Jul 2021 13:39:40 GMT","server":"ESF","cache-control":"private","x-xss-protection":"0","x-frame-options":"SAMEORIGIN","x-content-type-options":"nosniff","alt-svc":"h3=\":443\"; ma=2592000,h3-29=\":443\"; ma=2592000,h3-T051=\":443\"; ma=2592000,h3-Q050=\":443\"; ma=2592000,h3-Q046=\":443\"; ma=2592000,h3-Q043=\":443\"; ma=2592000,quic=\":443\"; ma=2592000; v=\"46,43\"","accept-ranges":"none","transfer-encoding":"chunked"}
[debug] [2021-07-20T13:39:41.427Z] >>> HTTP REQUEST POST https://firebasehosting.googleapis.com/v1beta1/sites/dapperdak/versions  
 {"config":{},"labels":{"deployment-tool":"cli-firebase"}}
[debug] [2021-07-20T13:39:43.354Z] <<< HTTP RESPONSE 200 {"content-type":"application/json; charset=UTF-8","vary":"X-Origin, Referer, Origin,Accept-Encoding","date":"Tue, 20 Jul 2021 13:39:42 GMT","server":"ESF","cache-control":"private","x-xss-protection":"0","x-frame-options":"SAMEORIGIN","x-content-type-options":"nosniff","alt-svc":"h3=\":443\"; ma=2592000,h3-29=\":443\"; ma=2592000,h3-T051=\":443\"; ma=2592000,h3-Q050=\":443\"; ma=2592000,h3-Q046=\":443\"; ma=2592000,h3-Q043=\":443\"; ma=2592000,quic=\":443\"; ma=2592000; v=\"46,43\"","accept-ranges":"none","transfer-encoding":"chunked"}
[debug] [2021-07-20T13:39:43.360Z] >>> HTTP REQUEST POST https://cloudfunctions.googleapis.com/v1/projects/final-feef1/locations/us-central1/functions:generateUploadUrl  
 
[debug] [2021-07-20T13:39:44.088Z] <<< HTTP RESPONSE 200 {"content-type":"application/json; charset=UTF-8","vary":"X-Origin, Referer, Origin,Accept-Encoding","date":"Tue, 20 Jul 2021 13:39:43 GMT","server":"ESF","cache-control":"private","x-xss-protection":"0","x-frame-options":"SAMEORIGIN","x-content-type-options":"nosniff","alt-svc":"h3=\":443\"; ma=2592000,h3-29=\":443\"; ma=2592000,h3-T051=\":443\"; ma=2592000,h3-Q050=\":443\"; ma=2592000,h3-Q046=\":443\"; ma=2592000,h3-Q043=\":443\"; ma=2592000,quic=\":443\"; ma=2592000; v=\"46,43\"","accept-ranges":"none","transfer-encoding":"chunked"}
[debug] [2021-07-20T13:39:44.094Z] >>> HTTP REQUEST PUT https://storage.googleapis.com/gcf-upload-us-central1-55ce743b-e0bf-43d2-aa74-02e544d1dd6e/35a152c4-259a-4836-95d5-695e6fdd2382.zip?GoogleAccessId=service-927190720438@gcf-admin-robot.iam.gserviceaccount.com&Expires=1626790183&Signature=c3tSWz0E%2ByeoLl0oUCruHkf7ukwm%2B%2BsvPT7JIvohN%2F9z%2FU4eGtKv%2BeYKp85LmqtnSjnrWOlFqK4DBssCkPq%2FFcxZEQTKN5Q%2Ff1kKUrCFDur%2FA%2FJLGK83MMqra8lpU7Zl%2Bt0Bqee5uP12kmOJzzqwdAdjQzUVSuYyKo%2F0mzNd8yt3HGS6ujvjYfvmObEdPFMgwEmdnQPZ2exHOvFTcTppGRByaxJjsvXG%2F%2FwLh%2FqoRoOBSFK9YnsUGcc0MiEjE8vFHYU2nau1UM6y194mivLL%2FddI7lLiZbEnmJm%2FA0hBznFUrxoZ5ub3j3sSV9RWYyfNdSVvJOyAFukjc8bBJQFwtw%3D%3D  
 <request body omitted>
[debug] [2021-07-20T13:39:45.029Z] <<< HTTP RESPONSE 200 {"x-guploader-uploadid":"ADPycduidDicA4_MBUHS1M6qRRz5E1I3U12CfjuNcnbyjCkYexLlXGQ268M4tpRF2hRnsOnzFNLuLPfYIxYRFPbJw4R9fNrhZg","etag":"\"be28842f89e3cbba7f9cfbdcb1dbc19f\"","x-goog-generation":"1626788384336291","x-goog-metageneration":"1","x-goog-hash":"crc32c=xEFN0w==, md5=viiEL4njy7p/nPvcsdvBnw==","x-goog-stored-content-length":"105051","x-goog-stored-content-encoding":"identity","vary":"Origin","content-length":"0","date":"Tue, 20 Jul 2021 13:39:44 GMT","server":"UploadServer","content-type":"text/html; charset=UTF-8","alt-svc":"h3=\":443\"; ma=2592000,h3-29=\":443\"; ma=2592000,h3-T051=\":443\"; ma=2592000,h3-Q050=\":443\"; ma=2592000,h3-Q046=\":443\"; ma=2592000,h3-Q043=\":443\"; ma=2592000,quic=\":443\"; ma=2592000; v=\"46,43\""}
[info] +  functions: functions folder uploaded successfully 
[info] i  hosting[dapperdak]: beginning deploy... 
[info] i  hosting[dapperdak]: found 71 files in out 
[debug] [2021-07-20T13:39:45.146Z] > refreshing access token with scopes: []
[debug] [2021-07-20T13:39:45.147Z] >>> HTTP REQUEST POST https://www.googleapis.com/oauth2/v3/token  
 <request body omitted>
[debug] [2021-07-20T13:39:45.150Z] [hosting] hash cache [b3V0] stored for 71 files
[debug] [2021-07-20T13:39:45.150Z] [hosting][hash queue][FINAL] {"max":3,"min":0,"avg":0.33381185642559164,"active":0,"complete":71,"success":71,"errored":0,"retried":0,"total":71,"elapsed":9}
[debug] [2021-07-20T13:39:45.353Z] <<< HTTP RESPONSE 200 {"date":"Tue, 20 Jul 2021 13:39:44 GMT","expires":"Mon, 01 Jan 1990 00:00:00 GMT","cache-control":"no-cache, no-store, max-age=0, must-revalidate","pragma":"no-cache","content-type":"application/json; charset=utf-8","vary":"X-Origin, Referer, Origin,Accept-Encoding","server":"scaffolding on HTTPServer2","x-xss-protection":"0","x-frame-options":"SAMEORIGIN","x-content-type-options":"nosniff","alt-svc":"h3=\":443\"; ma=2592000,h3-29=\":443\"; ma=2592000,h3-T051=\":443\"; ma=2592000,h3-Q050=\":443\"; ma=2592000,h3-Q046=\":443\"; ma=2592000,h3-Q043=\":443\"; ma=2592000,quic=\":443\"; ma=2592000; v=\"46,43\"","accept-ranges":"none","transfer-encoding":"chunked"}
[debug] [2021-07-20T13:39:45.385Z] >>> [apiv2][query] POST https://firebasehosting.googleapis.com/v1beta1/sites/dapperdak/versions/3d48c63e095e2cf2:populateFiles [none]
[debug] [2021-07-20T13:39:45.386Z] >>> [apiv2][body] POST https://firebasehosting.googleapis.com/v1beta1/sites/dapperdak/versions/3d48c63e095e2cf2:populateFiles {"files":{"/404.html":"682e25753775a8477b4ef4fe5ebe8b94e816bb1ac245fbc28709214dceea764d","/cart.html":"296b1673ad86294b83f022f6c617fbf9611548ff60c467f1c65969381c8157be","/favicon.ico":"43127f4210c52bcd0f30f291f1ee296ab41ddd1566905dc27fe1129e0175c8f1","/index.html":"2479d7d1ebbef8a31bd79c6b73ea0644f08ba960beff421ada95cdf9765d44f6","/login.html":"2d46d6d9928a5591cac8f965d6b7ab8c85bf269d7ae00d1361a9a8b67f77eb9b","/tesla.json":"4b14aba04c04ea3b8f40171aa19e2c155b4731c8e3ac649dd904c2de3b4ee7ea","/vercel.svg":"addb1409a65d5b908722a90e27a4c53d11cfd5f15acb97fd24e7e6369c1485ae","/images/banner.webp":"298f12447e00ba48b7b6dccefba324738d00c9db19e5ecceccf48c4c0b28a816","/images/banner1.webp":"cc7cad3c8163fdfd4c1aeb3a15b6bbea3521541a635d0feaa51d1dcfd1215346","/images/businessman-working-clock-hand-businesswoman-with-laptop-productivity-efficiency-production-qualification-concept-white-background_335657-1703.jpg":"6c51473c4570630dab5cbc4b4ebe7dc5e8264ef3b54576776cce9db79876817a","/images/multitasking-concept-illustration-character_23-2148403716.jpg":"dae3881ca0c52bf34c73ed3ed656090947484fd9508fdb835513c581ce5cf815","/images/multitasking-concept-illustration-character_23-2148403716.jpg.png":"d6c5f4182a842f063739d063889781ab48ff42e6f467814d463c9543e5656983","/images/multitasking-concept-illustration-character_23-2148403717.jpg":"2d0a21056359e3b7eac7f717fc2a9883fa50bd3a6005f102d52ca7c180b49322","/images/multitasking-time-management-concept-freelancer-man_268404-65.jpg":"9ed9c29cfdc0b8561de7012b4c1956ebe24bab3ed7e1b2a70b326b0d025c39d2","/images/personal-features-illustration.webp":"61ba765e8db912333140e0a220ed48c558740c211356b968b565732a3924477a","/images/team-features-illustration.webp":"8f564185d48e17552f8b243da21c6d688d5c92c64585b4fb9165c7d68218a565","/images/product/08ea2923-1bfe-4f88-a13c-28be337b47681616398101252-HRX-by-Hrithik-Roshan-Women-Lavender-Self-Design-Round-Neck--1.webp":"870580f96c47c14d87f6083d9222f3f4368add6ff74177af3c5fd1b4ec9b8039","/images/product/11518158824386-US-Polo-Assn-Men-Navy-Blue-Self-Design-Polo-Collar-T-shirt-5771518158824204-1.webp":"7298ae09e68594773a70101e44022e9b126e6f1fb3bb93300d4000282eb6642c","/images/product/115zz_900x.jpg":"d0f1788f8a0479c6bd1f1692e1b106a49a42c77c7a2acdc973bf0e88653553d9","/images/product/12_d95c8fb8-9dc6-4ff2-8cd2-8ed54e4dbc7e_900x.jpg":"f18b6fc8c8d581ba199cfd92388172d7b6c34aca426ed96176fa8d8810816ea9","/images/product/1_4164f62a-7e97-48bc-8b7c-c89a3a076ec0_900x.jpg":"dc52bf90534d8356b06f4ad3ee7461f4a83036f0b5dc517b3bab5d1cc675ab29","/images/product/1_z_3e75cd7d-50e4-434c-a27e-3f17a080292c_540x.jpg":"a85f4f5022527dca05a4e64a26437be32e5bda50419e208b045212a737e21e2b","/images/product/2f2daf76-0936-4c2f-a73f-41c44652f81b1623657814282-ether-Men-Tshirts-9541623657813702-1.webp":"e8397165a36265dcc8ca9edfb6ab077522d8aba72904ce8a71ae5f9c52aeed08","/images/product/3d4e9213-a5fa-49fd-b4c5-a8230a41c5c01623477163682-HRX-by-Hrithik-Roshan-Men-Tshirts-9291623477163134-1.webp":"783a971e2ce56dc67f92e15de0cdb6230b42d634be87b10980c9346a99f4e0dc","/images/product/5_cb48f725-08c0-47a2-a0af-e769ac62363c_900x.jpg":"62f752803199827115d1d7c9c911ea679269acfa295813911823a491cae9c29f","/images/product/8425b115-a536-4c9b-b016-ec4d17f2dafb1623477157901-HRX-by-Hrithik-Roshan-Men-Tshirts-3131623477157349-1.webp":"97628b12ad02a3b7006db2038c25172a19f94ff7cf1eeea2267a5dea9f7dafa3","/images/product/9_e27b983c-ef65-4117-a885-753dc3649f92_900x.jpg":"d64fcf6970ba49428a8672aba7a08c3adba9022666adeda25ab0351eb4fac92b","/images/product/b32faffc-4a1d-4bc8-8f07-049210112eb71618652862384-1.webp":"a1ba209fa4bae91fc7bb1074d4f489508273aa1d3521506ca104a220304857ee","/images/product/bbaf9359-ff91-4eaf-9df7-0de47d66f0731621236696234BlackPrintedShiftDressTshirtsRoadsterWomenTshirtsRoadsterWom1.webp":"6cbe8aeef857d8125064ada1ea68fc58a29009ae7cbb3da6b4f6e8ccd92dd991","/images/product/d40ff544-b23f-4c9a-8065-cd72494013ab1615812822992-1.webp":"c5614528e195f0588460421ac3f7e15bf14dfdaeb72f7b63a1131787158ae1e0","/images/product/e8b5e07b-a841-470d-8c39-a9f75be589971527137514715-HRX-by-Hrithik-Roshan-Men-White-Slim-Advanced-Rapid-Dry-Raglan-T-shirt-1911527137514468-1.webp":"d5917e58d53fb21c5a5228888181fdb96413208f0a37eba0ccb643a4545a8143","/images/product/fb736da2-078a-4a44-adfd-56338d0aef1c1622120365213-1.webp":"825e8b549c2b81b925926d501ee2e7f58f378a17fa2bb2b1f3056fbe6b8566b3","/product/1.html":"2d469f2198dc17c8efe64da134dad48ac5d339203684d09ea2cf4b88ff2a0487","/product/2.html":"40be8b018229fcb54a4a61c4d1bd567af80c976cb31e16ed271ade6e360db62d","/product/3.html":"509fb1178fb05c6cc43852c20580c81bd0b2ea8c96752574fa76224a33b3eb5f","/product/4.html":"102a6b1c7b7682fdacfd23c76c327807d6a5e5643b92e171c4f72d83c3e33569","/product/5.html":"2c8b07945b40577a71ab5beb9ff579107bbd08922e90adf06119d2561378ca74","/product/6.html":"414be0d2159bb19e45fd621c10b3a942fb7fc0b6ea76039b1075357b0f11d68f","/_next/data/MyR_xdicGuB7HNFOTWi4H/product/1.json":"67a7193538252312222a709de1d6817adb77206bc2cabb0c3e5bb60f549b9bac","/_next/data/MyR_xdicGuB7HNFOTWi4H/product/2.json":"e9afae27a68f3127a63230a50299dd897bfcfbfeeda5a8333e9a919bd2476d20","/_next/data/MyR_xdicGuB7HNFOTWi4H/product/3.json":"96a76ef5c1ed22a8fce8143707a902a4e880499b417c505f5a3bcae96b715169","/_next/data/MyR_xdicGuB7HNFOTWi4H/product/4.json":"699a85465cb2535d9f1dea31fc4cf0354c4685745e83e3aab5f7d0ad537925c1","/_next/data/MyR_xdicGuB7HNFOTWi4H/product/5.json":"31ae94efcb55a22d7b985240feb406c5c12c9a57fb95784a51be759452a237b7","/_next/data/MyR_xdicGuB7HNFOTWi4H/product/6.json":"0d35478062fc8983e2e93516c72f86568010aa3960eede017c5c48c4829ec63e","/_next/static/chunks/1bfc9850-07ea887e1f77c379321c.js":"5509ad4c125b007e5e06c3af423e8af6b0c3027af7a7eeb5a9639a4e96c65aff","/_next/static/chunks/559-e45f3adef96db64a0591.js":"2ba000400d8605f092fef01b0bfd1364703427f33fdabecf9c1e7423570f0e1c","/_next/static/chunks/791-dca41ca1496161c9ffdc.js":"f62ad711d9b99536404925c29281fc9e9f8ccb68065b52ad37da40e1d9bc1b91","/_next/static/chunks/907-4d831ec422c0f55d0a63.js":"b27bb8bbae54fbf6e5214c982b55eace175d2e237cb8cc9f6f455bbe1559967e","/_next/static/chunks/b98bc7c3-55e4d08538863e1499cc.js":"871364818b996b3584b2b8c2aad016ad33dbcadc125fd7cf5308275a176587fc","/_next/static/chunks/de71a805-4ae8b8e78545a2d6b059.js":"2400ec32fdb8f0b377f646ec5155550ebc602e22e5cd95d46fb8f9f7693541d5","/_next/static/chunks/framework-2191d16384373197bc0a.js":"ff7aa2e4bfc07b91ae0bcb5f488553dd234d68ac33fa7c1534b0f03fca8e57ba","/_next/static/chunks/main-1f18f76c3a76cf3a94ff.js":"6695be2aee9cef99f7eb6274c7c9659bc782829d02423b8bbc1b5e6ecc18480e","/_next/static/chunks/polyfills-a54b4f32bdc1ef890ddd.js":"f556643fca8d5752c8aca19d5ee9eab450298e3d29350029cee386eada861bfa","/_next/static/chunks/webpack-6aa24242c38afc8913a0.js":"ee1dbf784efb04adb7e0976c4b1b722b9a115711f2f4efef33e3784834265081","/_next/static/chunks/pages/cart-d4af718913bc49c89683.js":"da1e21d00cb8480ac7c720b3e3953686670f7ba4ebf420738b0dfed8cf0f3e33","/_next/static/chunks/pages/index-d34fc9271686a22946fb.js":"0b9f272aebc4b9baad2d30a077ca1562afcb656227d0795ebfddf5eb70e8c70e","/_next/static/chunks/pages/login-06907dc6c836a2128c8c.js":"905c1b507da19cfdab3568c03a17f2dda4dbc218a3c96ae32c94bb369a0d6103","/_next/static/chunks/pages/_app-769361d8bd00c07441ab.js":"ba7de2b3cee9f8d747b6ec249c627d85fa1436c2d564ba7d8d61ff09eede6b55","/_next/static/chunks/pages/_error-a0e21b9b223f827fe1f2.js":"086232b87d778d458aee3427498180a88107c9f85f84222b87ec006437d96a26","/_next/static/chunks/pages/product/[id]-a73a3061e3d646505350.js":"154cce1733360753e59aca622fc20c935f7622c2cd236182db1e1f4cc173ed9e","/_next/static/css/004f7776e6e83bbf2918.css":"52fa76ad624a3242c4e8b361818dae7bf44299900909ba4b3d8559c1f4e2904d","/_next/static/css/421f1635236a54f7e3a7.css":"e0727844bc0f3ab715999c1386afec38bc55770adc24cea6eae16c005635e9b4","/_next/static/css/b814da89eb4a83240d23.css":"e2086cf27d0ae9f1774367db4ba1b107c1708305b55194ccf876b0d8a1f31b09","/_next/static/css/c0446f6f9ac72766f8ca.css":"b7f74da7c061a77421d5a313f9615768ca85f99ba01740833848bed4fed740a8","/_next/static/css/e9c56cc62ac55f460447.css":"92273d9b755fea544ce9c51a055132518829f76894a1dba33fac1ad79f1638b9","/_next/static/media/beaver.8dc45a58a080d619907cdad13d793955.ttf":"25d09b0350d28e544dfebe623a651fe8dded8aae7581a401b864b963b3a4c953","/_next/static/media/FjallaOne-Regular.c674a10214432a959a974cfd501c3930.ttf":"11cae393f04f35e3da9e1fe9a4f63bcbcc891f41948d8557535677bad722826d","/_next/static/media/Futura Book font.ed19af444f0976dbaf419323a98b90dd.ttf":"1cbec976c9f5b4d49afb5e2c97e0c073f0c455f2da12690152c5938ece197ae9","/_next/static/media/futura light bt.ead7282f8edac7904e5314afb63c4932.ttf":"49bcb5c53dafa809ee6a5ec2f642fcece32b488e88f69b8169e7ac660a7104dd","/_next/static/MyR_xdicGuB7HNFOTWi4H/_buildManifest.js":"9a61ab4581faf5aa78b69ded1db6e0feedc73e678394503dc8fc342e8fb249d7","/_next/static/MyR_xdicGuB7HNFOTWi4H/_ssgManifest.js":"4b1ff44c334b862192f9e03c04f6aa67fe6cdaa4e1f68515ac01e2a5d843b0f1"}}
[info] i  hosting: adding files to version [0/71] (0%) 
[debug] [2021-07-20T13:39:47.315Z] <<< [apiv2][status] POST https://firebasehosting.googleapis.com/v1beta1/sites/dapperdak/versions/3d48c63e095e2cf2:populateFiles 200
[debug] [2021-07-20T13:39:47.316Z] <<< [apiv2][body] POST https://firebasehosting.googleapis.com/v1beta1/sites/dapperdak/versions/3d48c63e095e2cf2:populateFiles {"uploadUrl":"https://upload-firebasehosting.googleapis.com/upload/sites/dapperdak/versions/3d48c63e095e2cf2/files"}
[debug] [2021-07-20T13:39:47.316Z] [hosting][populate queue][FINAL] {"max":2170,"min":2170,"avg":2170,"active":0,"complete":1,"success":1,"errored":0,"retried":0,"total":1,"elapsed":2170}
[debug] [2021-07-20T13:39:47.317Z] [hosting] uploads queued: 0
[debug] [2021-07-20T13:39:47.317Z] [hosting][upload queue][FINAL] {"max":0,"min":9999999999,"avg":0,"active":0,"complete":0,"success":0,"errored":0,"retried":0,"total":0,"elapsed":1626788387317}
[info] +  hosting[dapperdak]: file upload complete 
[debug] [2021-07-20T13:39:47.318Z] [hosting] deploy completed after 2281ms
[info] i  functions: updating Node.js 14 function helloWorld(us-central1)... 
[debug] [2021-07-20T13:39:47.323Z] > refreshing access token with scopes: ["email","https://www.googleapis.com/auth/cloud-platform","https://www.googleapis.com/auth/cloudplatformprojects.readonly","https://www.googleapis.com/auth/firebase","openid"]
[debug] [2021-07-20T13:39:47.324Z] >>> HTTP REQUEST POST https://www.googleapis.com/oauth2/v3/token  
 <request body omitted>
[debug] [2021-07-20T13:39:47.510Z] <<< HTTP RESPONSE 200 {"date":"Tue, 20 Jul 2021 13:39:46 GMT","pragma":"no-cache","cache-control":"no-cache, no-store, max-age=0, must-revalidate","expires":"Mon, 01 Jan 1990 00:00:00 GMT","content-type":"application/json; charset=utf-8","vary":"X-Origin, Referer, Origin,Accept-Encoding","server":"scaffolding on HTTPServer2","x-xss-protection":"0","x-frame-options":"SAMEORIGIN","x-content-type-options":"nosniff","alt-svc":"h3=\":443\"; ma=2592000,h3-29=\":443\"; ma=2592000,h3-T051=\":443\"; ma=2592000,h3-Q050=\":443\"; ma=2592000,h3-Q046=\":443\"; ma=2592000,h3-Q043=\":443\"; ma=2592000,quic=\":443\"; ma=2592000; v=\"46,43\"","accept-ranges":"none","transfer-encoding":"chunked"}
[debug] [2021-07-20T13:39:47.550Z] >>> HTTP REQUEST PATCH https://cloudfunctions.googleapis.com/v1/projects/final-feef1/locations/us-central1/functions/helloWorld {"updateMask":"name,sourceUploadUrl,entryPoint,runtime,httpsTrigger.securityLevel,labels,environmentVariables"} 
 {"name":"projects/final-feef1/locations/us-central1/functions/helloWorld","sourceUploadUrl":"https://storage.googleapis.com/gcf-upload-us-central1-55ce743b-e0bf-43d2-aa74-02e544d1dd6e/35a152c4-259a-4836-95d5-695e6fdd2382.zip?GoogleAccessId=service-927190720438@gcf-admin-robot.iam.gserviceaccount.com&Expires=1626790183&Signature=c3tSWz0E%2ByeoLl0oUCruHkf7ukwm%2B%2BsvPT7JIvohN%2F9z%2FU4eGtKv%2BeYKp85LmqtnSjnrWOlFqK4DBssCkPq%2FFcxZEQTKN5Q%2Ff1kKUrCFDur%2FA%2FJLGK83MMqra8lpU7Zl%2Bt0Bqee5uP12kmOJzzqwdAdjQzUVSuYyKo%2F0mzNd8yt3HGS6ujvjYfvmObEdPFMgwEmdnQPZ2exHOvFTcTppGRByaxJjsvXG%2F%2FwLh%2FqoRoOBSFK9YnsUGcc0MiEjE8vFHYU2nau1UM6y194mivLL%2FddI7lLiZbEnmJm%2FA0hBznFUrxoZ5ub3j3sSV9RWYyfNdSVvJOyAFukjc8bBJQFwtw%3D%3D","entryPoint":"helloWorld","runtime":"nodejs14","httpsTrigger":{"securityLevel":"SECURE_OPTIONAL"},"labels":{"deployment-tool":"cli-firebase"},"environmentVariables":{"FIREBASE_CONFIG":"{\"projectId\":\"final-feef1\",\"databaseURL\":\"https://final-feef1.firebaseio.com\",\"storageBucket\":\"final-feef1.appspot.com\",\"locationId\":\"us-central\"}"}}
[debug] [2021-07-20T13:39:48.312Z] <<< HTTP RESPONSE 200 {"content-type":"application/json; charset=UTF-8","vary":"X-Origin, Referer, Origin,Accept-Encoding","date":"Tue, 20 Jul 2021 13:39:47 GMT","server":"ESF","cache-control":"private","x-xss-protection":"0","x-frame-options":"SAMEORIGIN","x-content-type-options":"nosniff","alt-svc":"h3=\":443\"; ma=2592000,h3-29=\":443\"; ma=2592000,h3-T051=\":443\"; ma=2592000,h3-Q050=\":443\"; ma=2592000,h3-Q046=\":443\"; ma=2592000,h3-Q043=\":443\"; ma=2592000,quic=\":443\"; ma=2592000; v=\"46,43\"","accept-ranges":"none","transfer-encoding":"chunked"}
[debug] [2021-07-20T13:39:48.318Z] > refreshing access token with scopes: []
[debug] [2021-07-20T13:39:48.320Z] >>> HTTP REQUEST POST https://www.googleapis.com/oauth2/v3/token  
 <request body omitted>
[debug] [2021-07-20T13:39:48.537Z] <<< HTTP RESPONSE 200 {"date":"Tue, 20 Jul 2021 13:39:47 GMT","expires":"Mon, 01 Jan 1990 00:00:00 GMT","cache-control":"no-cache, no-store, max-age=0, must-revalidate","pragma":"no-cache","content-type":"application/json; charset=utf-8","vary":"X-Origin, Referer, Origin,Accept-Encoding","server":"scaffolding on HTTPServer2","x-xss-protection":"0","x-frame-options":"SAMEORIGIN","x-content-type-options":"nosniff","alt-svc":"h3=\":443\"; ma=2592000,h3-29=\":443\"; ma=2592000,h3-T051=\":443\"; ma=2592000,h3-Q050=\":443\"; ma=2592000,h3-Q046=\":443\"; ma=2592000,h3-Q043=\":443\"; ma=2592000,quic=\":443\"; ma=2592000; v=\"46,43\"","accept-ranges":"none","transfer-encoding":"chunked"}
[debug] [2021-07-20T13:39:48.563Z] >>> [apiv2][query] GET https://cloudfunctions.googleapis.com/v1/operations/ZmluYWwtZmVlZjEvdXMtY2VudHJhbDEvaGVsbG9Xb3JsZC94RzhxYnVsTDdqVQ [none]
[debug] [2021-07-20T13:39:49.027Z] <<< [apiv2][status] GET https://cloudfunctions.googleapis.com/v1/operations/ZmluYWwtZmVlZjEvdXMtY2VudHJhbDEvaGVsbG9Xb3JsZC94RzhxYnVsTDdqVQ 200
[debug] [2021-07-20T13:39:49.027Z] <<< [apiv2][body] GET https://cloudfunctions.googleapis.com/v1/operations/ZmluYWwtZmVlZjEvdXMtY2VudHJhbDEvaGVsbG9Xb3JsZC94RzhxYnVsTDdqVQ {"name":"operations/ZmluYWwtZmVlZjEvdXMtY2VudHJhbDEvaGVsbG9Xb3JsZC94RzhxYnVsTDdqVQ","metadata":{"@type":"type.googleapis.com/google.cloud.functions.v1.OperationMetadataV1","target":"projects/final-feef1/locations/us-central1/functions/helloWorld","type":"UPDATE_FUNCTION","request":{"@type":"type.googleapis.com/google.cloud.functions.v1.CloudFunction","name":"projects/final-feef1/locations/us-central1/functions/helloWorld","httpsTrigger":{"url":"https://us-central1-final-feef1.cloudfunctions.net/helloWorld","securityLevel":"SECURE_OPTIONAL"},"status":"UNKNOWN","entryPoint":"helloWorld","timeout":"60s","availableMemoryMb":256,"serviceAccountEmail":"final-feef1@appspot.gserviceaccount.com","updateTime":"2021-07-13T05:40:25.342Z","versionId":"8","labels":{"deployment-tool":"cli-firebase"},"sourceUploadUrl":"https://storage.googleapis.com/gcf-upload-us-central1-55ce743b-e0bf-43d2-aa74-02e544d1dd6e/35a152c4-259a-4836-95d5-695e6fdd2382.zip?GoogleAccessId=service-927190720438@gcf-admin-robot.iam.gserviceaccount.com&Expires=1626790183&Signature=c3tSWz0E%2ByeoLl0oUCruHkf7ukwm%2B%2BsvPT7JIvohN%2F9z%2FU4eGtKv%2BeYKp85LmqtnSjnrWOlFqK4DBssCkPq%2FFcxZEQTKN5Q%2Ff1kKUrCFDur%2FA%2FJLGK83MMqra8lpU7Zl%2Bt0Bqee5uP12kmOJzzqwdAdjQzUVSuYyKo%2F0mzNd8yt3HGS6ujvjYfvmObEdPFMgwEmdnQPZ2exHOvFTcTppGRByaxJjsvXG%2F%2FwLh%2FqoRoOBSFK9YnsUGcc0MiEjE8vFHYU2nau1UM6y194mivLL%2FddI7lLiZbEnmJm%2FA0hBznFUrxoZ5ub3j3sSV9RWYyfNdSVvJOyAFukjc8bBJQFwtw%3D%3D","environmentVariables":{"FIREBASE_CONFIG":"{\"projectId\":\"final-feef1\",\"databaseURL\":\"https://final-feef1.firebaseio.com\",\"storageBucket\":\"final-feef1.appspot.com\",\"locationId\":\"us-central\"}"},"runtime":"nodejs14","ingressSettings":"ALLOW_ALL"},"versionId":"9","updateTime":"2021-07-20T13:39:48Z"},"done":true,"error":{"code":9,"message":"Failed to initialize region (action ID: 530d5a03d305d56d): Cloud storage operation for gcf-sources-927190720438-us-central1 failed as the billing account is not available"}}
[debug] [2021-07-20T13:39:49.029Z] Got sourceToken undefined for region us-central1
[info] i  functions: updating Node.js 14 function payment(us-central1)... 
[debug] [2021-07-20T13:39:49.031Z] > refreshing access token with scopes: ["email","https://www.googleapis.com/auth/cloud-platform","https://www.googleapis.com/auth/cloudplatformprojects.readonly","https://www.googleapis.com/auth/firebase","openid"]
[debug] [2021-07-20T13:39:49.031Z] >>> HTTP REQUEST POST https://www.googleapis.com/oauth2/v3/token  
 <request body omitted>
[info] i  functions: updating Node.js 14 function verification(us-central1)... 
[debug] [2021-07-20T13:39:49.033Z] > refreshing access token with scopes: ["email","https://www.googleapis.com/auth/cloud-platform","https://www.googleapis.com/auth/cloudplatformprojects.readonly","https://www.googleapis.com/auth/firebase","openid"]
[debug] [2021-07-20T13:39:49.033Z] >>> HTTP REQUEST POST https://www.googleapis.com/oauth2/v3/token  
 <request body omitted>
[info] i  functions: updating Node.js 14 function razorpay(us-central1)... 
[debug] [2021-07-20T13:39:49.035Z] > refreshing access token with scopes: ["email","https://www.googleapis.com/auth/cloud-platform","https://www.googleapis.com/auth/cloudplatformprojects.readonly","https://www.googleapis.com/auth/firebase","openid"]
[debug] [2021-07-20T13:39:49.036Z] >>> HTTP REQUEST POST https://www.googleapis.com/oauth2/v3/token  
 <request body omitted>
[info] i  functions: updating Node.js 14 function user(us-central1)... 
[debug] [2021-07-20T13:39:49.038Z] > refreshing access token with scopes: ["email","https://www.googleapis.com/auth/cloud-platform","https://www.googleapis.com/auth/cloudplatformprojects.readonly","https://www.googleapis.com/auth/firebase","openid"]
[debug] [2021-07-20T13:39:49.038Z] >>> HTTP REQUEST POST https://www.googleapis.com/oauth2/v3/token  
 <request body omitted>
[debug] [2021-07-20T13:39:49.242Z] <<< HTTP RESPONSE 200 {"pragma":"no-cache","date":"Tue, 20 Jul 2021 13:39:48 GMT","cache-control":"no-cache, no-store, max-age=0, must-revalidate","expires":"Mon, 01 Jan 1990 00:00:00 GMT","content-type":"application/json; charset=utf-8","vary":"X-Origin, Referer, Origin,Accept-Encoding","server":"scaffolding on HTTPServer2","x-xss-protection":"0","x-frame-options":"SAMEORIGIN","x-content-type-options":"nosniff","alt-svc":"h3=\":443\"; ma=2592000,h3-29=\":443\"; ma=2592000,h3-T051=\":443\"; ma=2592000,h3-Q050=\":443\"; ma=2592000,h3-Q046=\":443\"; ma=2592000,h3-Q043=\":443\"; ma=2592000,quic=\":443\"; ma=2592000; v=\"46,43\"","accept-ranges":"none","transfer-encoding":"chunked"}
[debug] [2021-07-20T13:39:49.269Z] >>> HTTP REQUEST PATCH https://cloudfunctions.googleapis.com/v1/projects/final-feef1/locations/us-central1/functions/verification {"updateMask":"name,sourceUploadUrl,entryPoint,runtime,httpsTrigger.securityLevel,labels,environmentVariables"} 
 {"name":"projects/final-feef1/locations/us-central1/functions/verification","sourceUploadUrl":"https://storage.googleapis.com/gcf-upload-us-central1-55ce743b-e0bf-43d2-aa74-02e544d1dd6e/35a152c4-259a-4836-95d5-695e6fdd2382.zip?GoogleAccessId=service-927190720438@gcf-admin-robot.iam.gserviceaccount.com&Expires=1626790183&Signature=c3tSWz0E%2ByeoLl0oUCruHkf7ukwm%2B%2BsvPT7JIvohN%2F9z%2FU4eGtKv%2BeYKp85LmqtnSjnrWOlFqK4DBssCkPq%2FFcxZEQTKN5Q%2Ff1kKUrCFDur%2FA%2FJLGK83MMqra8lpU7Zl%2Bt0Bqee5uP12kmOJzzqwdAdjQzUVSuYyKo%2F0mzNd8yt3HGS6ujvjYfvmObEdPFMgwEmdnQPZ2exHOvFTcTppGRByaxJjsvXG%2F%2FwLh%2FqoRoOBSFK9YnsUGcc0MiEjE8vFHYU2nau1UM6y194mivLL%2FddI7lLiZbEnmJm%2FA0hBznFUrxoZ5ub3j3sSV9RWYyfNdSVvJOyAFukjc8bBJQFwtw%3D%3D","entryPoint":"verification","runtime":"nodejs14","httpsTrigger":{"securityLevel":"SECURE_OPTIONAL"},"labels":{"deployment-tool":"cli-firebase"},"environmentVariables":{"FIREBASE_CONFIG":"{\"projectId\":\"final-feef1\",\"databaseURL\":\"https://final-feef1.firebaseio.com\",\"storageBucket\":\"final-feef1.appspot.com\",\"locationId\":\"us-central\"}"}}
[debug] [2021-07-20T13:39:49.274Z] <<< HTTP RESPONSE 200 {"date":"Tue, 20 Jul 2021 13:39:48 GMT","cache-control":"no-cache, no-store, max-age=0, must-revalidate","expires":"Mon, 01 Jan 1990 00:00:00 GMT","pragma":"no-cache","content-type":"application/json; charset=utf-8","vary":"X-Origin, Referer, Origin,Accept-Encoding","server":"scaffolding on HTTPServer2","x-xss-protection":"0","x-frame-options":"SAMEORIGIN","x-content-type-options":"nosniff","alt-svc":"h3=\":443\"; ma=2592000,h3-29=\":443\"; ma=2592000,h3-T051=\":443\"; ma=2592000,h3-Q050=\":443\"; ma=2592000,h3-Q046=\":443\"; ma=2592000,h3-Q043=\":443\"; ma=2592000,quic=\":443\"; ma=2592000; v=\"46,43\"","accept-ranges":"none","transfer-encoding":"chunked"}
[debug] [2021-07-20T13:39:49.291Z] >>> HTTP REQUEST PATCH https://cloudfunctions.googleapis.com/v1/projects/final-feef1/locations/us-central1/functions/payment {"updateMask":"name,sourceUploadUrl,entryPoint,runtime,httpsTrigger.securityLevel,labels,environmentVariables"} 
 {"name":"projects/final-feef1/locations/us-central1/functions/payment","sourceUploadUrl":"https://storage.googleapis.com/gcf-upload-us-central1-55ce743b-e0bf-43d2-aa74-02e544d1dd6e/35a152c4-259a-4836-95d5-695e6fdd2382.zip?GoogleAccessId=service-927190720438@gcf-admin-robot.iam.gserviceaccount.com&Expires=1626790183&Signature=c3tSWz0E%2ByeoLl0oUCruHkf7ukwm%2B%2BsvPT7JIvohN%2F9z%2FU4eGtKv%2BeYKp85LmqtnSjnrWOlFqK4DBssCkPq%2FFcxZEQTKN5Q%2Ff1kKUrCFDur%2FA%2FJLGK83MMqra8lpU7Zl%2Bt0Bqee5uP12kmOJzzqwdAdjQzUVSuYyKo%2F0mzNd8yt3HGS6ujvjYfvmObEdPFMgwEmdnQPZ2exHOvFTcTppGRByaxJjsvXG%2F%2FwLh%2FqoRoOBSFK9YnsUGcc0MiEjE8vFHYU2nau1UM6y194mivLL%2FddI7lLiZbEnmJm%2FA0hBznFUrxoZ5ub3j3sSV9RWYyfNdSVvJOyAFukjc8bBJQFwtw%3D%3D","entryPoint":"payment","runtime":"nodejs14","httpsTrigger":{"securityLevel":"SECURE_OPTIONAL"},"labels":{"deployment-tool":"cli-firebase"},"environmentVariables":{"FIREBASE_CONFIG":"{\"projectId\":\"final-feef1\",\"databaseURL\":\"https://final-feef1.firebaseio.com\",\"storageBucket\":\"final-feef1.appspot.com\",\"locationId\":\"us-central\"}"}}
[debug] [2021-07-20T13:39:49.294Z] <<< HTTP RESPONSE 200 {"date":"Tue, 20 Jul 2021 13:39:48 GMT","pragma":"no-cache","cache-control":"no-cache, no-store, max-age=0, must-revalidate","expires":"Mon, 01 Jan 1990 00:00:00 GMT","content-type":"application/json; charset=utf-8","vary":"X-Origin, Referer, Origin,Accept-Encoding","server":"scaffolding on HTTPServer2","x-xss-protection":"0","x-frame-options":"SAMEORIGIN","x-content-type-options":"nosniff","alt-svc":"h3=\":443\"; ma=2592000,h3-29=\":443\"; ma=2592000,h3-T051=\":443\"; ma=2592000,h3-Q050=\":443\"; ma=2592000,h3-Q046=\":443\"; ma=2592000,h3-Q043=\":443\"; ma=2592000,quic=\":443\"; ma=2592000; v=\"46,43\"","accept-ranges":"none","transfer-encoding":"chunked"}
[debug] [2021-07-20T13:39:49.310Z] >>> HTTP REQUEST PATCH https://cloudfunctions.googleapis.com/v1/projects/final-feef1/locations/us-central1/functions/user {"updateMask":"name,sourceUploadUrl,entryPoint,runtime,httpsTrigger.securityLevel,labels,environmentVariables"} 
 {"name":"projects/final-feef1/locations/us-central1/functions/user","sourceUploadUrl":"https://storage.googleapis.com/gcf-upload-us-central1-55ce743b-e0bf-43d2-aa74-02e544d1dd6e/35a152c4-259a-4836-95d5-695e6fdd2382.zip?GoogleAccessId=service-927190720438@gcf-admin-robot.iam.gserviceaccount.com&Expires=1626790183&Signature=c3tSWz0E%2ByeoLl0oUCruHkf7ukwm%2B%2BsvPT7JIvohN%2F9z%2FU4eGtKv%2BeYKp85LmqtnSjnrWOlFqK4DBssCkPq%2FFcxZEQTKN5Q%2Ff1kKUrCFDur%2FA%2FJLGK83MMqra8lpU7Zl%2Bt0Bqee5uP12kmOJzzqwdAdjQzUVSuYyKo%2F0mzNd8yt3HGS6ujvjYfvmObEdPFMgwEmdnQPZ2exHOvFTcTppGRByaxJjsvXG%2F%2FwLh%2FqoRoOBSFK9YnsUGcc0MiEjE8vFHYU2nau1UM6y194mivLL%2FddI7lLiZbEnmJm%2FA0hBznFUrxoZ5ub3j3sSV9RWYyfNdSVvJOyAFukjc8bBJQFwtw%3D%3D","entryPoint":"user","runtime":"nodejs14","httpsTrigger":{"securityLevel":"SECURE_OPTIONAL"},"labels":{"deployment-tool":"cli-firebase"},"environmentVariables":{"FIREBASE_CONFIG":"{\"projectId\":\"final-feef1\",\"databaseURL\":\"https://final-feef1.firebaseio.com\",\"storageBucket\":\"final-feef1.appspot.com\",\"locationId\":\"us-central\"}"}}
[debug] [2021-07-20T13:39:49.313Z] <<< HTTP RESPONSE 200 {"expires":"Mon, 01 Jan 1990 00:00:00 GMT","pragma":"no-cache","cache-control":"no-cache, no-store, max-age=0, must-revalidate","date":"Tue, 20 Jul 2021 13:39:48 GMT","content-type":"application/json; charset=utf-8","vary":"X-Origin, Referer, Origin,Accept-Encoding","server":"scaffolding on HTTPServer2","x-xss-protection":"0","x-frame-options":"SAMEORIGIN","x-content-type-options":"nosniff","alt-svc":"h3=\":443\"; ma=2592000,h3-29=\":443\"; ma=2592000,h3-T051=\":443\"; ma=2592000,h3-Q050=\":443\"; ma=2592000,h3-Q046=\":443\"; ma=2592000,h3-Q043=\":443\"; ma=2592000,quic=\":443\"; ma=2592000; v=\"46,43\"","accept-ranges":"none","transfer-encoding":"chunked"}
[debug] [2021-07-20T13:39:49.327Z] >>> HTTP REQUEST PATCH https://cloudfunctions.googleapis.com/v1/projects/final-feef1/locations/us-central1/functions/razorpay {"updateMask":"name,sourceUploadUrl,entryPoint,runtime,httpsTrigger.securityLevel,labels,environmentVariables"} 
 {"name":"projects/final-feef1/locations/us-central1/functions/razorpay","sourceUploadUrl":"https://storage.googleapis.com/gcf-upload-us-central1-55ce743b-e0bf-43d2-aa74-02e544d1dd6e/35a152c4-259a-4836-95d5-695e6fdd2382.zip?GoogleAccessId=service-927190720438@gcf-admin-robot.iam.gserviceaccount.com&Expires=1626790183&Signature=c3tSWz0E%2ByeoLl0oUCruHkf7ukwm%2B%2BsvPT7JIvohN%2F9z%2FU4eGtKv%2BeYKp85LmqtnSjnrWOlFqK4DBssCkPq%2FFcxZEQTKN5Q%2Ff1kKUrCFDur%2FA%2FJLGK83MMqra8lpU7Zl%2Bt0Bqee5uP12kmOJzzqwdAdjQzUVSuYyKo%2F0mzNd8yt3HGS6ujvjYfvmObEdPFMgwEmdnQPZ2exHOvFTcTppGRByaxJjsvXG%2F%2FwLh%2FqoRoOBSFK9YnsUGcc0MiEjE8vFHYU2nau1UM6y194mivLL%2FddI7lLiZbEnmJm%2FA0hBznFUrxoZ5ub3j3sSV9RWYyfNdSVvJOyAFukjc8bBJQFwtw%3D%3D","entryPoint":"razorpay","runtime":"nodejs14","httpsTrigger":{"securityLevel":"SECURE_OPTIONAL"},"labels":{"deployment-tool":"cli-firebase"},"environmentVariables":{"FIREBASE_CONFIG":"{\"projectId\":\"final-feef1\",\"databaseURL\":\"https://final-feef1.firebaseio.com\",\"storageBucket\":\"final-feef1.appspot.com\",\"locationId\":\"us-central\"}"}}
[debug] [2021-07-20T13:39:49.950Z] <<< HTTP RESPONSE 200 {"content-type":"application/json; charset=UTF-8","vary":"X-Origin, Referer, Origin,Accept-Encoding","date":"Tue, 20 Jul 2021 13:39:49 GMT","server":"ESF","cache-control":"private","x-xss-protection":"0","x-frame-options":"SAMEORIGIN","x-content-type-options":"nosniff","alt-svc":"h3=\":443\"; ma=2592000,h3-29=\":443\"; ma=2592000,h3-T051=\":443\"; ma=2592000,h3-Q050=\":443\"; ma=2592000,h3-Q046=\":443\"; ma=2592000,h3-Q043=\":443\"; ma=2592000,quic=\":443\"; ma=2592000; v=\"46,43\"","accept-ranges":"none","transfer-encoding":"chunked"}
[debug] [2021-07-20T13:39:49.953Z] > refreshing access token with scopes: []
[debug] [2021-07-20T13:39:49.955Z] >>> HTTP REQUEST POST https://www.googleapis.com/oauth2/v3/token  
 <request body omitted>
[debug] [2021-07-20T13:39:49.962Z] <<< HTTP RESPONSE 200 {"content-type":"application/json; charset=UTF-8","vary":"X-Origin, Referer, Origin,Accept-Encoding","date":"Tue, 20 Jul 2021 13:39:49 GMT","server":"ESF","cache-control":"private","x-xss-protection":"0","x-frame-options":"SAMEORIGIN","x-content-type-options":"nosniff","alt-svc":"h3=\":443\"; ma=2592000,h3-29=\":443\"; ma=2592000,h3-T051=\":443\"; ma=2592000,h3-Q050=\":443\"; ma=2592000,h3-Q046=\":443\"; ma=2592000,h3-Q043=\":443\"; ma=2592000,quic=\":443\"; ma=2592000; v=\"46,43\"","accept-ranges":"none","transfer-encoding":"chunked"}
[debug] [2021-07-20T13:39:49.963Z] > refreshing access token with scopes: []
[debug] [2021-07-20T13:39:49.963Z] >>> HTTP REQUEST POST https://www.googleapis.com/oauth2/v3/token  
 <request body omitted>
[debug] [2021-07-20T13:39:50.106Z] <<< HTTP RESPONSE 200 {"content-type":"application/json; charset=UTF-8","vary":"X-Origin, Referer, Origin,Accept-Encoding","date":"Tue, 20 Jul 2021 13:39:49 GMT","server":"ESF","cache-control":"private","x-xss-protection":"0","x-frame-options":"SAMEORIGIN","x-content-type-options":"nosniff","alt-svc":"h3=\":443\"; ma=2592000,h3-29=\":443\"; ma=2592000,h3-T051=\":443\"; ma=2592000,h3-Q050=\":443\"; ma=2592000,h3-Q046=\":443\"; ma=2592000,h3-Q043=\":443\"; ma=2592000,quic=\":443\"; ma=2592000; v=\"46,43\"","accept-ranges":"none","transfer-encoding":"chunked"}
[debug] [2021-07-20T13:39:50.108Z] > refreshing access token with scopes: []
[debug] [2021-07-20T13:39:50.108Z] >>> HTTP REQUEST POST https://www.googleapis.com/oauth2/v3/token  
 <request body omitted>
[debug] [2021-07-20T13:39:50.124Z] <<< HTTP RESPONSE 200 {"content-type":"application/json; charset=UTF-8","vary":"X-Origin, Referer, Origin,Accept-Encoding","date":"Tue, 20 Jul 2021 13:39:49 GMT","server":"ESF","cache-control":"private","x-xss-protection":"0","x-frame-options":"SAMEORIGIN","x-content-type-options":"nosniff","alt-svc":"h3=\":443\"; ma=2592000,h3-29=\":443\"; ma=2592000,h3-T051=\":443\"; ma=2592000,h3-Q050=\":443\"; ma=2592000,h3-Q046=\":443\"; ma=2592000,h3-Q043=\":443\"; ma=2592000,quic=\":443\"; ma=2592000; v=\"46,43\"","accept-ranges":"none","transfer-encoding":"chunked"}
[debug] [2021-07-20T13:39:50.125Z] > refreshing access token with scopes: []
[debug] [2021-07-20T13:39:50.125Z] >>> HTTP REQUEST POST https://www.googleapis.com/oauth2/v3/token  
 <request body omitted>
[debug] [2021-07-20T13:39:50.150Z] <<< HTTP RESPONSE 200 {"pragma":"no-cache","date":"Tue, 20 Jul 2021 13:39:49 GMT","expires":"Mon, 01 Jan 1990 00:00:00 GMT","cache-control":"no-cache, no-store, max-age=0, must-revalidate","content-type":"application/json; charset=utf-8","vary":"X-Origin, Referer, Origin,Accept-Encoding","server":"scaffolding on HTTPServer2","x-xss-protection":"0","x-frame-options":"SAMEORIGIN","x-content-type-options":"nosniff","alt-svc":"h3=\":443\"; ma=2592000,h3-29=\":443\"; ma=2592000,h3-T051=\":443\"; ma=2592000,h3-Q050=\":443\"; ma=2592000,h3-Q046=\":443\"; ma=2592000,h3-Q043=\":443\"; ma=2592000,quic=\":443\"; ma=2592000; v=\"46,43\"","accept-ranges":"none","transfer-encoding":"chunked"}
[debug] [2021-07-20T13:39:50.166Z] >>> [apiv2][query] GET https://cloudfunctions.googleapis.com/v1/operations/ZmluYWwtZmVlZjEvdXMtY2VudHJhbDEvdXNlci9hT0dveHZBSmtaMA [none]
[debug] [2021-07-20T13:39:50.169Z] <<< HTTP RESPONSE 200 {"expires":"Mon, 01 Jan 1990 00:00:00 GMT","pragma":"no-cache","date":"Tue, 20 Jul 2021 13:39:49 GMT","cache-control":"no-cache, no-store, max-age=0, must-revalidate","content-type":"application/json; charset=utf-8","vary":"X-Origin, Referer, Origin,Accept-Encoding","server":"scaffolding on HTTPServer2","x-xss-protection":"0","x-frame-options":"SAMEORIGIN","x-content-type-options":"nosniff","alt-svc":"h3=\":443\"; ma=2592000,h3-29=\":443\"; ma=2592000,h3-T051=\":443\"; ma=2592000,h3-Q050=\":443\"; ma=2592000,h3-Q046=\":443\"; ma=2592000,h3-Q043=\":443\"; ma=2592000,quic=\":443\"; ma=2592000; v=\"46,43\"","accept-ranges":"none","transfer-encoding":"chunked"}
[debug] [2021-07-20T13:39:50.185Z] >>> [apiv2][query] GET https://cloudfunctions.googleapis.com/v1/operations/ZmluYWwtZmVlZjEvdXMtY2VudHJhbDEvcmF6b3JwYXkvUGpQdlREaHpENGM [none]
[debug] [2021-07-20T13:39:50.309Z] <<< HTTP RESPONSE 200 {"pragma":"no-cache","cache-control":"no-cache, no-store, max-age=0, must-revalidate","expires":"Mon, 01 Jan 1990 00:00:00 GMT","date":"Tue, 20 Jul 2021 13:39:49 GMT","content-type":"application/json; charset=utf-8","vary":"X-Origin, Referer, Origin,Accept-Encoding","server":"scaffolding on HTTPServer2","x-xss-protection":"0","x-frame-options":"SAMEORIGIN","x-content-type-options":"nosniff","alt-svc":"h3=\":443\"; ma=2592000,h3-29=\":443\"; ma=2592000,h3-T051=\":443\"; ma=2592000,h3-Q050=\":443\"; ma=2592000,h3-Q046=\":443\"; ma=2592000,h3-Q043=\":443\"; ma=2592000,quic=\":443\"; ma=2592000; v=\"46,43\"","accept-ranges":"none","transfer-encoding":"chunked"}
[debug] [2021-07-20T13:39:50.322Z] >>> [apiv2][query] GET https://cloudfunctions.googleapis.com/v1/operations/ZmluYWwtZmVlZjEvdXMtY2VudHJhbDEvdmVyaWZpY2F0aW9uL2k1ZnRkay1OVkdj [none]
[debug] [2021-07-20T13:39:50.340Z] <<< HTTP RESPONSE 200 {"date":"Tue, 20 Jul 2021 13:39:49 GMT","pragma":"no-cache","cache-control":"no-cache, no-store, max-age=0, must-revalidate","expires":"Mon, 01 Jan 1990 00:00:00 GMT","content-type":"application/json; charset=utf-8","vary":"X-Origin, Referer, Origin,Accept-Encoding","server":"scaffolding on HTTPServer2","x-xss-protection":"0","x-frame-options":"SAMEORIGIN","x-content-type-options":"nosniff","alt-svc":"h3=\":443\"; ma=2592000,h3-29=\":443\"; ma=2592000,h3-T051=\":443\"; ma=2592000,h3-Q050=\":443\"; ma=2592000,h3-Q046=\":443\"; ma=2592000,h3-Q043=\":443\"; ma=2592000,quic=\":443\"; ma=2592000; v=\"46,43\"","accept-ranges":"none","transfer-encoding":"chunked"}
[debug] [2021-07-20T13:39:50.356Z] >>> [apiv2][query] GET https://cloudfunctions.googleapis.com/v1/operations/ZmluYWwtZmVlZjEvdXMtY2VudHJhbDEvcGF5bWVudC9pVmx4NWgzNHJyUQ [none]
[debug] [2021-07-20T13:39:50.645Z] <<< [apiv2][status] GET https://cloudfunctions.googleapis.com/v1/operations/ZmluYWwtZmVlZjEvdXMtY2VudHJhbDEvcmF6b3JwYXkvUGpQdlREaHpENGM 200
[debug] [2021-07-20T13:39:50.645Z] <<< [apiv2][body] GET https://cloudfunctions.googleapis.com/v1/operations/ZmluYWwtZmVlZjEvdXMtY2VudHJhbDEvcmF6b3JwYXkvUGpQdlREaHpENGM {"name":"operations/ZmluYWwtZmVlZjEvdXMtY2VudHJhbDEvcmF6b3JwYXkvUGpQdlREaHpENGM","metadata":{"@type":"type.googleapis.com/google.cloud.functions.v1.OperationMetadataV1","target":"projects/final-feef1/locations/us-central1/functions/razorpay","type":"UPDATE_FUNCTION","request":{"@type":"type.googleapis.com/google.cloud.functions.v1.CloudFunction","name":"projects/final-feef1/locations/us-central1/functions/razorpay","httpsTrigger":{"url":"https://us-central1-final-feef1.cloudfunctions.net/razorpay","securityLevel":"SECURE_OPTIONAL"},"status":"UNKNOWN","entryPoint":"razorpay","timeout":"60s","availableMemoryMb":256,"serviceAccountEmail":"final-feef1@appspot.gserviceaccount.com","updateTime":"2021-07-17T12:39:02.827Z","versionId":"4","labels":{"deployment-tool":"cli-firebase"},"sourceUploadUrl":"https://storage.googleapis.com/gcf-upload-us-central1-55ce743b-e0bf-43d2-aa74-02e544d1dd6e/35a152c4-259a-4836-95d5-695e6fdd2382.zip?GoogleAccessId=service-927190720438@gcf-admin-robot.iam.gserviceaccount.com&Expires=1626790183&Signature=c3tSWz0E%2ByeoLl0oUCruHkf7ukwm%2B%2BsvPT7JIvohN%2F9z%2FU4eGtKv%2BeYKp85LmqtnSjnrWOlFqK4DBssCkPq%2FFcxZEQTKN5Q%2Ff1kKUrCFDur%2FA%2FJLGK83MMqra8lpU7Zl%2Bt0Bqee5uP12kmOJzzqwdAdjQzUVSuYyKo%2F0mzNd8yt3HGS6ujvjYfvmObEdPFMgwEmdnQPZ2exHOvFTcTppGRByaxJjsvXG%2F%2FwLh%2FqoRoOBSFK9YnsUGcc0MiEjE8vFHYU2nau1UM6y194mivLL%2FddI7lLiZbEnmJm%2FA0hBznFUrxoZ5ub3j3sSV9RWYyfNdSVvJOyAFukjc8bBJQFwtw%3D%3D","environmentVariables":{"FIREBASE_CONFIG":"{\"projectId\":\"final-feef1\",\"databaseURL\":\"https://final-feef1.firebaseio.com\",\"storageBucket\":\"final-feef1.appspot.com\",\"locationId\":\"us-central\"}"},"runtime":"nodejs14","ingressSettings":"ALLOW_ALL"},"versionId":"5","updateTime":"2021-07-20T13:39:49Z"},"done":true,"error":{"code":9,"message":"Failed to initialize region (action ID: cb8def5ca69a85e2): Cloud storage operation for gcf-sources-927190720438-us-central1 failed as the billing account is not available"}}
[debug] [2021-07-20T13:39:50.647Z] Got sourceToken undefined for region us-central1
[debug] [2021-07-20T13:39:50.711Z] <<< [apiv2][status] GET https://cloudfunctions.googleapis.com/v1/operations/ZmluYWwtZmVlZjEvdXMtY2VudHJhbDEvdXNlci9hT0dveHZBSmtaMA 200
[debug] [2021-07-20T13:39:50.712Z] <<< [apiv2][body] GET https://cloudfunctions.googleapis.com/v1/operations/ZmluYWwtZmVlZjEvdXMtY2VudHJhbDEvdXNlci9hT0dveHZBSmtaMA {"name":"operations/ZmluYWwtZmVlZjEvdXMtY2VudHJhbDEvdXNlci9hT0dveHZBSmtaMA","metadata":{"@type":"type.googleapis.com/google.cloud.functions.v1.OperationMetadataV1","target":"projects/final-feef1/locations/us-central1/functions/user","type":"UPDATE_FUNCTION","request":{"@type":"type.googleapis.com/google.cloud.functions.v1.CloudFunction","name":"projects/final-feef1/locations/us-central1/functions/user","httpsTrigger":{"url":"https://us-central1-final-feef1.cloudfunctions.net/user","securityLevel":"SECURE_OPTIONAL"},"status":"UNKNOWN","entryPoint":"user","timeout":"60s","availableMemoryMb":256,"serviceAccountEmail":"final-feef1@appspot.gserviceaccount.com","updateTime":"2021-07-17T12:39:03.021Z","versionId":"4","labels":{"deployment-tool":"cli-firebase"},"sourceUploadUrl":"https://storage.googleapis.com/gcf-upload-us-central1-55ce743b-e0bf-43d2-aa74-02e544d1dd6e/35a152c4-259a-4836-95d5-695e6fdd2382.zip?GoogleAccessId=service-927190720438@gcf-admin-robot.iam.gserviceaccount.com&Expires=1626790183&Signature=c3tSWz0E%2ByeoLl0oUCruHkf7ukwm%2B%2BsvPT7JIvohN%2F9z%2FU4eGtKv%2BeYKp85LmqtnSjnrWOlFqK4DBssCkPq%2FFcxZEQTKN5Q%2Ff1kKUrCFDur%2FA%2FJLGK83MMqra8lpU7Zl%2Bt0Bqee5uP12kmOJzzqwdAdjQzUVSuYyKo%2F0mzNd8yt3HGS6ujvjYfvmObEdPFMgwEmdnQPZ2exHOvFTcTppGRByaxJjsvXG%2F%2FwLh%2FqoRoOBSFK9YnsUGcc0MiEjE8vFHYU2nau1UM6y194mivLL%2FddI7lLiZbEnmJm%2FA0hBznFUrxoZ5ub3j3sSV9RWYyfNdSVvJOyAFukjc8bBJQFwtw%3D%3D","environmentVariables":{"FIREBASE_CONFIG":"{\"projectId\":\"final-feef1\",\"databaseURL\":\"https://final-feef1.firebaseio.com\",\"storageBucket\":\"final-feef1.appspot.com\",\"locationId\":\"us-central\"}"},"runtime":"nodejs14","ingressSettings":"ALLOW_ALL"},"versionId":"5","updateTime":"2021-07-20T13:39:49Z"},"done":true,"error":{"code":9,"message":"Failed to initialize region (action ID: 1a88810f02b4513): Cloud storage operation for gcf-sources-927190720438-us-central1 failed as the billing account is not available"}}
[debug] [2021-07-20T13:39:50.713Z] Got sourceToken undefined for region us-central1
[debug] [2021-07-20T13:39:50.787Z] <<< [apiv2][status] GET https://cloudfunctions.googleapis.com/v1/operations/ZmluYWwtZmVlZjEvdXMtY2VudHJhbDEvdmVyaWZpY2F0aW9uL2k1ZnRkay1OVkdj 200
[debug] [2021-07-20T13:39:50.788Z] <<< [apiv2][body] GET https://cloudfunctions.googleapis.com/v1/operations/ZmluYWwtZmVlZjEvdXMtY2VudHJhbDEvdmVyaWZpY2F0aW9uL2k1ZnRkay1OVkdj {"name":"operations/ZmluYWwtZmVlZjEvdXMtY2VudHJhbDEvdmVyaWZpY2F0aW9uL2k1ZnRkay1OVkdj","metadata":{"@type":"type.googleapis.com/google.cloud.functions.v1.OperationMetadataV1","target":"projects/final-feef1/locations/us-central1/functions/verification","type":"UPDATE_FUNCTION","request":{"@type":"type.googleapis.com/google.cloud.functions.v1.CloudFunction","name":"projects/final-feef1/locations/us-central1/functions/verification","httpsTrigger":{"url":"https://us-central1-final-feef1.cloudfunctions.net/verification","securityLevel":"SECURE_OPTIONAL"},"status":"UNKNOWN","entryPoint":"verification","timeout":"60s","availableMemoryMb":256,"serviceAccountEmail":"final-feef1@appspot.gserviceaccount.com","updateTime":"2021-07-17T12:39:03.375Z","versionId":"4","labels":{"deployment-tool":"cli-firebase"},"sourceUploadUrl":"https://storage.googleapis.com/gcf-upload-us-central1-55ce743b-e0bf-43d2-aa74-02e544d1dd6e/35a152c4-259a-4836-95d5-695e6fdd2382.zip?GoogleAccessId=service-927190720438@gcf-admin-robot.iam.gserviceaccount.com&Expires=1626790183&Signature=c3tSWz0E%2ByeoLl0oUCruHkf7ukwm%2B%2BsvPT7JIvohN%2F9z%2FU4eGtKv%2BeYKp85LmqtnSjnrWOlFqK4DBssCkPq%2FFcxZEQTKN5Q%2Ff1kKUrCFDur%2FA%2FJLGK83MMqra8lpU7Zl%2Bt0Bqee5uP12kmOJzzqwdAdjQzUVSuYyKo%2F0mzNd8yt3HGS6ujvjYfvmObEdPFMgwEmdnQPZ2exHOvFTcTppGRByaxJjsvXG%2F%2FwLh%2FqoRoOBSFK9YnsUGcc0MiEjE8vFHYU2nau1UM6y194mivLL%2FddI7lLiZbEnmJm%2FA0hBznFUrxoZ5ub3j3sSV9RWYyfNdSVvJOyAFukjc8bBJQFwtw%3D%3D","environmentVariables":{"FIREBASE_CONFIG":"{\"projectId\":\"final-feef1\",\"databaseURL\":\"https://final-feef1.firebaseio.com\",\"storageBucket\":\"final-feef1.appspot.com\",\"locationId\":\"us-central\"}"},"runtime":"nodejs14","ingressSettings":"ALLOW_ALL"},"versionId":"5","updateTime":"2021-07-20T13:39:49Z"}}
[debug] [2021-07-20T13:39:50.824Z] <<< [apiv2][status] GET https://cloudfunctions.googleapis.com/v1/operations/ZmluYWwtZmVlZjEvdXMtY2VudHJhbDEvcGF5bWVudC9pVmx4NWgzNHJyUQ 200
[debug] [2021-07-20T13:39:50.824Z] <<< [apiv2][body] GET https://cloudfunctions.googleapis.com/v1/operations/ZmluYWwtZmVlZjEvdXMtY2VudHJhbDEvcGF5bWVudC9pVmx4NWgzNHJyUQ {"name":"operations/ZmluYWwtZmVlZjEvdXMtY2VudHJhbDEvcGF5bWVudC9pVmx4NWgzNHJyUQ","metadata":{"@type":"type.googleapis.com/google.cloud.functions.v1.OperationMetadataV1","target":"projects/final-feef1/locations/us-central1/functions/payment","type":"UPDATE_FUNCTION","request":{"@type":"type.googleapis.com/google.cloud.functions.v1.CloudFunction","name":"projects/final-feef1/locations/us-central1/functions/payment","httpsTrigger":{"url":"https://us-central1-final-feef1.cloudfunctions.net/payment","securityLevel":"SECURE_OPTIONAL"},"status":"UNKNOWN","entryPoint":"payment","timeout":"60s","availableMemoryMb":256,"serviceAccountEmail":"final-feef1@appspot.gserviceaccount.com","updateTime":"2021-07-17T12:39:01.051Z","versionId":"4","labels":{"deployment-tool":"cli-firebase"},"sourceUploadUrl":"https://storage.googleapis.com/gcf-upload-us-central1-55ce743b-e0bf-43d2-aa74-02e544d1dd6e/35a152c4-259a-4836-95d5-695e6fdd2382.zip?GoogleAccessId=service-927190720438@gcf-admin-robot.iam.gserviceaccount.com&Expires=1626790183&Signature=c3tSWz0E%2ByeoLl0oUCruHkf7ukwm%2B%2BsvPT7JIvohN%2F9z%2FU4eGtKv%2BeYKp85LmqtnSjnrWOlFqK4DBssCkPq%2FFcxZEQTKN5Q%2Ff1kKUrCFDur%2FA%2FJLGK83MMqra8lpU7Zl%2Bt0Bqee5uP12kmOJzzqwdAdjQzUVSuYyKo%2F0mzNd8yt3HGS6ujvjYfvmObEdPFMgwEmdnQPZ2exHOvFTcTppGRByaxJjsvXG%2F%2FwLh%2FqoRoOBSFK9YnsUGcc0MiEjE8vFHYU2nau1UM6y194mivLL%2FddI7lLiZbEnmJm%2FA0hBznFUrxoZ5ub3j3sSV9RWYyfNdSVvJOyAFukjc8bBJQFwtw%3D%3D","environmentVariables":{"FIREBASE_CONFIG":"{\"projectId\":\"final-feef1\",\"databaseURL\":\"https://final-feef1.firebaseio.com\",\"storageBucket\":\"final-feef1.appspot.com\",\"locationId\":\"us-central\"}"},"runtime":"nodejs14","ingressSettings":"ALLOW_ALL"},"versionId":"5","updateTime":"2021-07-20T13:39:49Z"},"done":true,"error":{"code":9,"message":"Failed to initialize region (action ID: d2297220daf03f35): Cloud storage operation for gcf-sources-927190720438-us-central1 failed as the billing account is not available"}}
[debug] [2021-07-20T13:39:50.826Z] Got sourceToken undefined for region us-central1
[debug] [2021-07-20T13:39:51.291Z] [update-projects/final-feef1/locations/us-central1/functions/verification] Retrying task index 0
[debug] [2021-07-20T13:39:51.292Z] >>> [apiv2][query] GET https://cloudfunctions.googleapis.com/v1/operations/ZmluYWwtZmVlZjEvdXMtY2VudHJhbDEvdmVyaWZpY2F0aW9uL2k1ZnRkay1OVkdj [none]
[debug] [2021-07-20T13:39:51.791Z] <<< [apiv2][status] GET https://cloudfunctions.googleapis.com/v1/operations/ZmluYWwtZmVlZjEvdXMtY2VudHJhbDEvdmVyaWZpY2F0aW9uL2k1ZnRkay1OVkdj 200
[debug] [2021-07-20T13:39:51.792Z] <<< [apiv2][body] GET https://cloudfunctions.googleapis.com/v1/operations/ZmluYWwtZmVlZjEvdXMtY2VudHJhbDEvdmVyaWZpY2F0aW9uL2k1ZnRkay1OVkdj {"name":"operations/ZmluYWwtZmVlZjEvdXMtY2VudHJhbDEvdmVyaWZpY2F0aW9uL2k1ZnRkay1OVkdj","metadata":{"@type":"type.googleapis.com/google.cloud.functions.v1.OperationMetadataV1","target":"projects/final-feef1/locations/us-central1/functions/verification","type":"UPDATE_FUNCTION","request":{"@type":"type.googleapis.com/google.cloud.functions.v1.CloudFunction","name":"projects/final-feef1/locations/us-central1/functions/verification","httpsTrigger":{"url":"https://us-central1-final-feef1.cloudfunctions.net/verification","securityLevel":"SECURE_OPTIONAL"},"status":"UNKNOWN","entryPoint":"verification","timeout":"60s","availableMemoryMb":256,"serviceAccountEmail":"final-feef1@appspot.gserviceaccount.com","updateTime":"2021-07-17T12:39:03.375Z","versionId":"4","labels":{"deployment-tool":"cli-firebase"},"sourceUploadUrl":"https://storage.googleapis.com/gcf-upload-us-central1-55ce743b-e0bf-43d2-aa74-02e544d1dd6e/35a152c4-259a-4836-95d5-695e6fdd2382.zip?GoogleAccessId=service-927190720438@gcf-admin-robot.iam.gserviceaccount.com&Expires=1626790183&Signature=c3tSWz0E%2ByeoLl0oUCruHkf7ukwm%2B%2BsvPT7JIvohN%2F9z%2FU4eGtKv%2BeYKp85LmqtnSjnrWOlFqK4DBssCkPq%2FFcxZEQTKN5Q%2Ff1kKUrCFDur%2FA%2FJLGK83MMqra8lpU7Zl%2Bt0Bqee5uP12kmOJzzqwdAdjQzUVSuYyKo%2F0mzNd8yt3HGS6ujvjYfvmObEdPFMgwEmdnQPZ2exHOvFTcTppGRByaxJjsvXG%2F%2FwLh%2FqoRoOBSFK9YnsUGcc0MiEjE8vFHYU2nau1UM6y194mivLL%2FddI7lLiZbEnmJm%2FA0hBznFUrxoZ5ub3j3sSV9RWYyfNdSVvJOyAFukjc8bBJQFwtw%3D%3D","environmentVariables":{"FIREBASE_CONFIG":"{\"projectId\":\"final-feef1\",\"databaseURL\":\"https://final-feef1.firebaseio.com\",\"storageBucket\":\"final-feef1.appspot.com\",\"locationId\":\"us-central\"}"},"runtime":"nodejs14","ingressSettings":"ALLOW_ALL"},"versionId":"5","updateTime":"2021-07-20T13:39:50Z"},"done":true,"error":{"code":9,"message":"Failed to initialize region (action ID: e4e8c66f5b8b312b): Cloud storage operation for gcf-sources-927190720438-us-central1 failed as the billing account is not available"}}
[debug] [2021-07-20T13:39:51.797Z] Got sourceToken undefined for region us-central1
[debug] [2021-07-20T13:39:51.799Z] Total Function Deployment time: 4477
[debug] [2021-07-20T13:39:51.799Z] 5 Functions Deployed
[debug] [2021-07-20T13:39:51.800Z] 5 Functions Errored
[debug] [2021-07-20T13:39:51.800Z] Average Function Deployment time: 1914.8
[debug] [2021-07-20T13:39:51.802Z] > refreshing access token with scopes: ["email","https://www.googleapis.com/auth/cloud-platform","https://www.googleapis.com/auth/cloudplatformprojects.readonly","https://www.googleapis.com/auth/firebase","openid"]
[debug] [2021-07-20T13:39:51.802Z] >>> HTTP REQUEST POST https://www.googleapis.com/oauth2/v3/token  
 <request body omitted>
[debug] [2021-07-20T13:39:51.992Z] <<< HTTP RESPONSE 200 {"pragma":"no-cache","expires":"Mon, 01 Jan 1990 00:00:00 GMT","date":"Tue, 20 Jul 2021 13:39:51 GMT","cache-control":"no-cache, no-store, max-age=0, must-revalidate","content-type":"application/json; charset=utf-8","vary":"X-Origin, Referer, Origin,Accept-Encoding","server":"scaffolding on HTTPServer2","x-xss-protection":"0","x-frame-options":"SAMEORIGIN","x-content-type-options":"nosniff","alt-svc":"h3=\":443\"; ma=2592000,h3-29=\":443\"; ma=2592000,h3-T051=\":443\"; ma=2592000,h3-Q050=\":443\"; ma=2592000,h3-Q046=\":443\"; ma=2592000,h3-Q043=\":443\"; ma=2592000,quic=\":443\"; ma=2592000; v=\"46,43\"","accept-ranges":"none","transfer-encoding":"chunked"}
[debug] [2021-07-20T13:39:52.008Z] >>> HTTP REQUEST GET https://cloudfunctions.googleapis.com/v1/projects/final-feef1/locations/-/functions  
 
[debug] [2021-07-20T13:39:52.675Z] <<< HTTP RESPONSE 200 {"content-type":"application/json; charset=UTF-8","vary":"X-Origin, Referer, Origin,Accept-Encoding","date":"Tue, 20 Jul 2021 13:39:52 GMT","server":"ESF","cache-control":"private","x-xss-protection":"0","x-frame-options":"SAMEORIGIN","x-content-type-options":"nosniff","alt-svc":"h3=\":443\"; ma=2592000,h3-29=\":443\"; ma=2592000,h3-T051=\":443\"; ma=2592000,h3-Q050=\":443\"; ma=2592000,h3-Q046=\":443\"; ma=2592000,h3-Q043=\":443\"; ma=2592000,quic=\":443\"; ma=2592000; v=\"46,43\"","accept-ranges":"none","transfer-encoding":"chunked"}
[info] Function URL (helloWorld(us-central1)): https://us-central1-final-feef1.cloudfunctions.net/helloWorld
[info] Function URL (payment(us-central1)): https://us-central1-final-feef1.cloudfunctions.net/payment
[info] Function URL (razorpay(us-central1)): https://us-central1-final-feef1.cloudfunctions.net/razorpay
[info] Function URL (user(us-central1)): https://us-central1-final-feef1.cloudfunctions.net/user
[info] Function URL (verification(us-central1)): https://us-central1-final-feef1.cloudfunctions.net/verification
[info] 
Functions deploy had errors with the following functions:
[info] 	helloWorld(us-central1)
[info] 	razorpay(us-central1)
[info] 	user(us-central1)
[info] 	payment(us-central1)
[info] 	verification(us-central1)
[info] 
To try redeploying those functions, run:
[info]     firebase deploy --only "functions:helloWorld,functions:razorpay,functions:user,functions:payment,functions:verification"
[info] 
To continue deploying other features (such as database), run:
[info]     firebase deploy --except functions
[debug] [2021-07-20T13:39:52.688Z] 	Error during update for projects/final-feef1/locations/us-central1/functions/helloWorld: 
[debug] [2021-07-20T13:39:52.689Z] 	Error during update for projects/final-feef1/locations/us-central1/functions/razorpay: 
[debug] [2021-07-20T13:39:52.689Z] 	Error during update for projects/final-feef1/locations/us-central1/functions/user: 
[debug] [2021-07-20T13:39:52.689Z] 	Error during update for projects/final-feef1/locations/us-central1/functions/payment: 
[debug] [2021-07-20T13:39:52.690Z] 	Error during update for projects/final-feef1/locations/us-central1/functions/verification: 
[error] 
[error] Error: Functions did not deploy properly.
