[debug] [2021-07-13T05:20:28.542Z] ----------------------------------------------------------------------
[debug] [2021-07-13T05:20:28.544Z] Command:       D:\programs\nodejs\node.exe C:\Users\devan\AppData\Roaming\npm\node_modules\firebase-tools\lib\bin\firebase.js emulators:start
[debug] [2021-07-13T05:20:28.544Z] CLI Version:   9.13.1
[debug] [2021-07-13T05:20:28.544Z] Platform:      win32
[debug] [2021-07-13T05:20:28.544Z] Node Version:  v16.2.0
[debug] [2021-07-13T05:20:29.465Z] Time:          Tue Jul 13 2021 10:50:28 GMT+0530 (India Standard Time)
[debug] [2021-07-13T05:20:29.465Z] ----------------------------------------------------------------------
[debug] 
[debug] [2021-07-13T05:20:29.476Z] >>> [apiv2][query] GET https://firebase-public.firebaseio.com/cli.json [none]
[debug] [2021-07-13T05:20:29.544Z] > command requires scopes: ["email","openid","https://www.googleapis.com/auth/cloudplatformprojects.readonly","https://www.googleapis.com/auth/firebase","https://www.googleapis.com/auth/cloud-platform"]
[debug] [2021-07-13T05:20:29.544Z] > authorizing via signed-in user (devanshdixit01@gmail.com)
[info] i  emulators: Starting emulators: functions, hosting {"metadata":{"emulator":{"name":"hub"},"message":"Starting emulators: functions, hosting"}}
[debug] [2021-07-13T05:20:29.599Z] [hub] writing locator at C:\Users\devan\AppData\Local\Temp\hub-final-feef1.json
[warn] !  functions: The following emulators are not running, calls to these services from the Functions emulator will affect production: auth, firestore, database, pubsub, storage {"metadata":{"emulator":{"name":"functions"},"message":"The following emulators are not running, calls to these services from the Functions emulator will affect production: \u001b[1mauth, firestore, database, pubsub, storage\u001b[22m"}}
[warn] !  Your requested "node" version "14" doesn't match your global version "16" {"metadata":{"emulator":{"name":"functions"},"message":"Your requested \"node\" version \"14\" doesn't match your global version \"16\""}}
[debug] [2021-07-13T05:20:29.661Z] defaultcredentials: writing to file C:\Users\devan\AppData\Roaming\firebase\devanshdixit01_gmail_com_application_default_credentials.json
[debug] [2021-07-13T05:20:29.664Z] Setting GAC to C:\Users\devan\AppData\Roaming\firebase\devanshdixit01_gmail_com_application_default_credentials.json {"metadata":{"emulator":{"name":"functions"},"message":"Setting GAC to C:\\Users\\devan\\AppData\\Roaming\\firebase\\devanshdixit01_gmail_com_application_default_credentials.json"}}
[debug] [2021-07-13T05:20:29.665Z] > refreshing access token with scopes: []
[debug] [2021-07-13T05:20:29.666Z] >>> HTTP REQUEST POST https://www.googleapis.com/oauth2/v3/token  
 <request body omitted>
[debug] [2021-07-13T05:20:29.819Z] <<< HTTP RESPONSE 200 {"expires":"Mon, 01 Jan 1990 00:00:00 GMT","cache-control":"no-cache, no-store, max-age=0, must-revalidate","date":"Tue, 13 Jul 2021 05:20:28 GMT","pragma":"no-cache","content-type":"application/json; charset=utf-8","vary":"X-Origin, Referer, Origin,Accept-Encoding","server":"scaffolding on HTTPServer2","x-xss-protection":"0","x-frame-options":"SAMEORIGIN","x-content-type-options":"nosniff","alt-svc":"h3=\":443\"; ma=2592000,h3-29=\":443\"; ma=2592000,h3-T051=\":443\"; ma=2592000,h3-Q050=\":443\"; ma=2592000,h3-Q046=\":443\"; ma=2592000,h3-Q043=\":443\"; ma=2592000,quic=\":443\"; ma=2592000; v=\"46,43\"","accept-ranges":"none","transfer-encoding":"chunked"}
[debug] [2021-07-13T05:20:29.843Z] >>> [apiv2][query] GET https://firebase.googleapis.com/v1beta1/projects/final-feef1/adminSdkConfig [none]
