[2021-07-16T05:54:32.111Z] [PAYTM] INFO [NODE-SDK1.0.0] <MerchantProperties>: initialize called
[2021-07-16T05:54:32.114Z] [PAYTM] INFO [NODE-SDK1.0.0] <MerchantProperties>: Setting Environment for STAGE
[2021-07-16T05:54:32.116Z] [PAYTM] INFO [NODE-SDK:1.0.0:327098e9-1264-43d1-b288-081e9f9e9b20] <Payment>: In createTxnToken PaymentDetail: {"channelId":"WEB","orderId":"UNIQUE_ORDER_ID","txnAmount":{"currency":"INR","value":"1.00"},"userInfo":{"custId":"CUSTOMER_ID","address":"CUSTOMER_ADDRESS","email":"CUSTOMER_EMAIL_ID","firstName":"CUSTOMER_FIRST_NAME","lastName":"CUSTOMER_LAST_NAME","mobile":"CUSTOMER_MOBILE_NO","pincode":"CUSTOMER_PINCODE"},"readTimeout":80000}
[2021-07-16T05:54:32.116Z] [PAYTM] INFO [NODE-SDK:1.0.0:327098e9-1264-43d1-b288-081e9f9e9b20] <Payment>: validatePaymentDetailsObject for object: {"channelId":"WEB","orderId":"UNIQUE_ORDER_ID","txnAmount":{"currency":"INR","value":"1.00"},"userInfo":{"custId":"CUSTOMER_ID","address":"CUSTOMER_ADDRESS","email":"CUSTOMER_EMAIL_ID","firstName":"CUSTOMER_FIRST_NAME","lastName":"CUSTOMER_LAST_NAME","mobile":"CUSTOMER_MOBILE_NO","pincode":"CUSTOMER_PINCODE"},"readTimeout":80000}
[2021-07-16T05:54:32.116Z] [PAYTM] INFO [NODE-SDK:1.0.0:327098e9-1264-43d1-b288-081e9f9e9b20] <Payment>:  validatePaymentDetailsObject returns true 
[2021-07-16T05:54:32.117Z] [PAYTM] INFO [NODE-SDK:1.0.0:327098e9-1264-43d1-b288-081e9f9e9b20] <CommonUtil>: In getSecureRequestHeader
[2021-07-16T05:54:32.118Z] [PAYTM] INFO [NODE-SDK:1.0.0:327098e9-1264-43d1-b288-081e9f9e9b20] <Payment>: InitiateTransactionRequest object {"head":{"version":"v2","channelId":"WEB","requestTimestamp":"1626414872117","signature":null},"body":{"requestType":"Payment","mid":"HzKcVy12482619156001","orderId":"UNIQUE_ORDER_ID","websiteName":"1","txnAmount":{"currency":"INR","value":"1.00"},"userInfo":{"custId":"CUSTOMER_ID","address":"CUSTOMER_ADDRESS","email":"CUSTOMER_EMAIL_ID","firstName":"CUSTOMER_FIRST_NAME","lastName":"CUSTOMER_LAST_NAME","mobile":"CUSTOMER_MOBILE_NO","pincode":"CUSTOMER_PINCODE"},"callbackUrl":"https://dapperdak.web.app/orders"}}
[2021-07-16T05:54:32.118Z] [PAYTM] INFO [NODE-SDK:1.0.0:327098e9-1264-43d1-b288-081e9f9e9b20] <EncDecUtil>: generateSignature() called
[2021-07-16T05:54:32.118Z] [PAYTM] INFO [NODE-SDK:1.0.0:327098e9-1264-43d1-b288-081e9f9e9b20] <EncDecUtil>: generateRandomString() called
[2021-07-16T05:54:32.133Z] [PAYTM] INFO [NODE-SDK:1.0.0:327098e9-1264-43d1-b288-081e9f9e9b20] <EncDecUtil>: generateSalt returns: R727
[2021-07-16T05:54:32.163Z] [PAYTM] INFO [NODE-SDK:1.0.0:327098e9-1264-43d1-b288-081e9f9e9b20] <EncDecUtil>: getChecksumFromString returns: HQD6FaGAioJWwjVFNaG3MoUsANW7gIYurzXpnCEuCv5kNlDW8QjnM5t0nQTVWIaA4zXUkWP9FRwRNxBNChB6yZlb8WX46GUYKqJHb6ho/O8=
[2021-07-16T05:54:32.164Z] [PAYTM] INFO [NODE-SDK:1.0.0:327098e9-1264-43d1-b288-081e9f9e9b20] <Request>: process for request: {"head":{"version":"v2","channelId":"WEB","requestTimestamp":"1626414872117","signature":"HQD6FaGAioJWwjVFNaG3MoUsANW7gIYurzXpnCEuCv5kNlDW8QjnM5t0nQTVWIaA4zXUkWP9FRwRNxBNChB6yZlb8WX46GUYKqJHb6ho/O8="},"body":{"requestType":"Payment","mid":"HzKcVy12482619156001","orderId":"UNIQUE_ORDER_ID","websiteName":"1","txnAmount":{"currency":"INR","value":"1.00"},"userInfo":{"custId":"CUSTOMER_ID","address":"CUSTOMER_ADDRESS","email":"CUSTOMER_EMAIL_ID","firstName":"CUSTOMER_FIRST_NAME","lastName":"CUSTOMER_LAST_NAME","mobile":"CUSTOMER_MOBILE_NO","pincode":"CUSTOMER_PINCODE"},"callbackUrl":"https://dapperdak.web.app/orders"}}
[2021-07-16T05:54:32.165Z] [PAYTM] INFO [NODE-SDK:1.0.0:327098e9-1264-43d1-b288-081e9f9e9b20] <Request>: executeCurl called 
[2021-07-16T05:54:32.165Z] [PAYTM] INFO [NODE-SDK:1.0.0:327098e9-1264-43d1-b288-081e9f9e9b20] <Request>: will make API call to: https://securegw-stage.paytm.in/theia/api/v1/initiateTransaction?mid=HzKcVy12482619156001&orderId=UNIQUE_ORDER_ID
[2021-07-16T05:54:33.023Z] [PAYTM] INFO [NODE-SDK:1.0.0:327098e9-1264-43d1-b288-081e9f9e9b20] <Request>: API response received upon successful execution: {"head":{"responseTimestamp":"1626414870221","version":"v1","signature":"Y9xKLnomVHmLkx1uPqRHaUMaC5zrMUG/Z/GZkuorIrdwHFE8zNcyBr8of22LApelMDg+hS3CpFdcp6aQf0e62+ncq9jDKNPDDjhPF06EXNY="},"body":{"resultInfo":{"resultStatus":"S","resultCode":"0000","resultMsg":"Success"},"txnToken":"9b4acdd51ee640ceaf4e013c38e23ce61626414869930","isPromoCodeValid":false,"authenticated":false}}
[2021-07-16T05:54:33.024Z] [PAYTM] INFO [NODE-SDK:1.0.0:327098e9-1264-43d1-b288-081e9f9e9b20] <Request>: Raw Response: {"head":{"responseTimestamp":"1626414870221","version":"v1","signature":"Y9xKLnomVHmLkx1uPqRHaUMaC5zrMUG/Z/GZkuorIrdwHFE8zNcyBr8of22LApelMDg+hS3CpFdcp6aQf0e62+ncq9jDKNPDDjhPF06EXNY="},"body":{"resultInfo":{"resultStatus":"S","resultCode":"0000","resultMsg":"Success"},"txnToken":"9b4acdd51ee640ceaf4e013c38e23ce61626414869930","isPromoCodeValid":false,"authenticated":false}}
[2021-07-16T05:54:33.024Z] [PAYTM] INFO [NODE-SDK:1.0.0:327098e9-1264-43d1-b288-081e9f9e9b20] <Request>: Response Data Object: {"head":{"signature":"Y9xKLnomVHmLkx1uPqRHaUMaC5zrMUG/Z/GZkuorIrdwHFE8zNcyBr8of22LApelMDg+hS3CpFdcp6aQf0e62+ncq9jDKNPDDjhPF06EXNY=","responseTimestamp":"1626414870221","version":"v1"},"body":{"txnToken":"9b4acdd51ee640ceaf4e013c38e23ce61626414869930","isPromoCodeValid":false,"resultInfo":{"resultStatus":"S","resultMsg":"Success","resultCode":"0000"},"extraParamsMap":{}}}
[2021-07-16T05:54:33.025Z] [PAYTM] INFO [NODE-SDK:1.0.0:327098e9-1264-43d1-b288-081e9f9e9b20] <Request>: validating signature 
[2021-07-16T05:54:33.025Z] [PAYTM] INFO [NODE-SDK:1.0.0:327098e9-1264-43d1-b288-081e9f9e9b20] <EncDecUtil>: verifyChecksumByString called()
[2021-07-16T05:54:33.025Z] [PAYTM] INFO [NODE-SDK:1.0.0:327098e9-1264-43d1-b288-081e9f9e9b20] <EncDecUtil>: verifyChecksumByString returns: true
[2021-07-16T05:54:33.025Z] [PAYTM] INFO [NODE-SDK:1.0.0:327098e9-1264-43d1-b288-081e9f9e9b20] <Request>: signature validation passed 
[2021-07-16T05:54:33.025Z] [PAYTM] INFO [NODE-SDK:1.0.0:327098e9-1264-43d1-b288-081e9f9e9b20] <Request>: Execution completed with raw json response: {"head":{"responseTimestamp":"1626414870221","version":"v1","signature":"Y9xKLnomVHmLkx1uPqRHaUMaC5zrMUG/Z/GZkuorIrdwHFE8zNcyBr8of22LApelMDg+hS3CpFdcp6aQf0e62+ncq9jDKNPDDjhPF06EXNY="},"body":{"resultInfo":{"resultStatus":"S","resultCode":"0000","resultMsg":"Success"},"txnToken":"9b4acdd51ee640ceaf4e013c38e23ce61626414869930","isPromoCodeValid":false,"authenticated":false}}
[2021-07-16T05:55:52.161Z] [PAYTM] INFO [NODE-SDK1.0.0] <MerchantProperties>: initialize called
[2021-07-16T05:55:52.163Z] [PAYTM] INFO [NODE-SDK1.0.0] <MerchantProperties>: Setting Environment for STAGE
[2021-07-16T05:55:52.164Z] [PAYTM] INFO [NODE-SDK:1.0.0:b2f5670c-5e0b-4f1f-a7c3-029bcb5ca9be] <Payment>: In createTxnToken PaymentDetail: {"channelId":"WEB","orderId":"1","txnAmount":{"currency":"INR","value":"1.00"},"userInfo":{"custId":"1","address":"45/1791","email":"dev@gmail.com","firstName":"dev","lastName":"dixit","mobile":"8082050623","pincode":"400053"},"readTimeout":80000}
[2021-07-16T05:55:52.164Z] [PAYTM] INFO [NODE-SDK:1.0.0:b2f5670c-5e0b-4f1f-a7c3-029bcb5ca9be] <Payment>: validatePaymentDetailsObject for object: {"channelId":"WEB","orderId":"1","txnAmount":{"currency":"INR","value":"1.00"},"userInfo":{"custId":"1","address":"45/1791","email":"dev@gmail.com","firstName":"dev","lastName":"dixit","mobile":"8082050623","pincode":"400053"},"readTimeout":80000}
[2021-07-16T05:55:52.164Z] [PAYTM] INFO [NODE-SDK:1.0.0:b2f5670c-5e0b-4f1f-a7c3-029bcb5ca9be] <Payment>:  validatePaymentDetailsObject returns true 
[2021-07-16T05:55:52.164Z] [PAYTM] INFO [NODE-SDK:1.0.0:b2f5670c-5e0b-4f1f-a7c3-029bcb5ca9be] <CommonUtil>: In getSecureRequestHeader
[2021-07-16T05:55:52.165Z] [PAYTM] INFO [NODE-SDK:1.0.0:b2f5670c-5e0b-4f1f-a7c3-029bcb5ca9be] <Payment>: InitiateTransactionRequest object {"head":{"version":"v2","channelId":"WEB","requestTimestamp":"1626414952164","signature":null},"body":{"requestType":"Payment","mid":"HzKcVy12482619156001","orderId":"1","websiteName":"1","txnAmount":{"currency":"INR","value":"1.00"},"userInfo":{"custId":"1","address":"45/1791","email":"dev@gmail.com","firstName":"dev","lastName":"dixit","mobile":"8082050623","pincode":"400053"},"callbackUrl":"https://dapperdak.web.app/orders"}}
[2021-07-16T05:55:52.165Z] [PAYTM] INFO [NODE-SDK:1.0.0:b2f5670c-5e0b-4f1f-a7c3-029bcb5ca9be] <EncDecUtil>: generateSignature() called
[2021-07-16T05:55:52.165Z] [PAYTM] INFO [NODE-SDK:1.0.0:b2f5670c-5e0b-4f1f-a7c3-029bcb5ca9be] <EncDecUtil>: generateRandomString() called
[2021-07-16T05:55:52.176Z] [PAYTM] INFO [NODE-SDK:1.0.0:b2f5670c-5e0b-4f1f-a7c3-029bcb5ca9be] <EncDecUtil>: generateSalt returns: ihWU
[2021-07-16T05:55:52.177Z] [PAYTM] INFO [NODE-SDK:1.0.0:b2f5670c-5e0b-4f1f-a7c3-029bcb5ca9be] <EncDecUtil>: getChecksumFromString returns: X1K3UKtlNdMbD2KnJW1ODrC1366ITjKmLVrmg1VRxuc9bn9uQattDI+F8+GEKyOWDixOgvbLkSsLh49mAZcBk3MMhV0WOwWrnxjvBsxGnVQ=
[2021-07-16T05:55:52.178Z] [PAYTM] INFO [NODE-SDK:1.0.0:b2f5670c-5e0b-4f1f-a7c3-029bcb5ca9be] <Request>: process for request: {"head":{"version":"v2","channelId":"WEB","requestTimestamp":"1626414952164","signature":"X1K3UKtlNdMbD2KnJW1ODrC1366ITjKmLVrmg1VRxuc9bn9uQattDI+F8+GEKyOWDixOgvbLkSsLh49mAZcBk3MMhV0WOwWrnxjvBsxGnVQ="},"body":{"requestType":"Payment","mid":"HzKcVy12482619156001","orderId":"1","websiteName":"1","txnAmount":{"currency":"INR","value":"1.00"},"userInfo":{"custId":"1","address":"45/1791","email":"dev@gmail.com","firstName":"dev","lastName":"dixit","mobile":"8082050623","pincode":"400053"},"callbackUrl":"https://dapperdak.web.app/orders"}}
[2021-07-16T05:55:52.178Z] [PAYTM] INFO [NODE-SDK:1.0.0:b2f5670c-5e0b-4f1f-a7c3-029bcb5ca9be] <Request>: executeCurl called 
[2021-07-16T05:55:52.178Z] [PAYTM] INFO [NODE-SDK:1.0.0:b2f5670c-5e0b-4f1f-a7c3-029bcb5ca9be] <Request>: will make API call to: https://securegw-stage.paytm.in/theia/api/v1/initiateTransaction?mid=HzKcVy12482619156001&orderId=1
[2021-07-16T05:55:52.482Z] [PAYTM] INFO [NODE-SDK:1.0.0:b2f5670c-5e0b-4f1f-a7c3-029bcb5ca9be] <Request>: API response received upon successful execution: {"head":{"responseTimestamp":"1626414949677","version":"v1","signature":"fRkXdKtSODOs0z9KLBjx5RpQwLQiq9wLFpduunopGC+k6amOXKyzbJxXvlnJJpHpnAxTsP+obohf4gVUZB5uBrJdMK8aokDPUQbtnkiPePY="},"body":{"resultInfo":{"resultStatus":"S","resultCode":"0000","resultMsg":"Success"},"txnToken":"8f763d57f8204e7c9aa574da53adec121626414949499","isPromoCodeValid":false,"authenticated":false}}
[2021-07-16T05:55:52.483Z] [PAYTM] INFO [NODE-SDK:1.0.0:b2f5670c-5e0b-4f1f-a7c3-029bcb5ca9be] <Request>: Raw Response: {"head":{"responseTimestamp":"1626414949677","version":"v1","signature":"fRkXdKtSODOs0z9KLBjx5RpQwLQiq9wLFpduunopGC+k6amOXKyzbJxXvlnJJpHpnAxTsP+obohf4gVUZB5uBrJdMK8aokDPUQbtnkiPePY="},"body":{"resultInfo":{"resultStatus":"S","resultCode":"0000","resultMsg":"Success"},"txnToken":"8f763d57f8204e7c9aa574da53adec121626414949499","isPromoCodeValid":false,"authenticated":false}}
[2021-07-16T05:55:52.483Z] [PAYTM] INFO [NODE-SDK:1.0.0:b2f5670c-5e0b-4f1f-a7c3-029bcb5ca9be] <Request>: Response Data Object: {"head":{"signature":"fRkXdKtSODOs0z9KLBjx5RpQwLQiq9wLFpduunopGC+k6amOXKyzbJxXvlnJJpHpnAxTsP+obohf4gVUZB5uBrJdMK8aokDPUQbtnkiPePY=","responseTimestamp":"1626414949677","version":"v1"},"body":{"txnToken":"8f763d57f8204e7c9aa574da53adec121626414949499","isPromoCodeValid":false,"resultInfo":{"resultStatus":"S","resultMsg":"Success","resultCode":"0000"},"extraParamsMap":{}}}
[2021-07-16T05:55:52.483Z] [PAYTM] INFO [NODE-SDK:1.0.0:b2f5670c-5e0b-4f1f-a7c3-029bcb5ca9be] <Request>: validating signature 
[2021-07-16T05:55:52.484Z] [PAYTM] INFO [NODE-SDK:1.0.0:b2f5670c-5e0b-4f1f-a7c3-029bcb5ca9be] <EncDecUtil>: verifyChecksumByString called()
[2021-07-16T05:55:52.484Z] [PAYTM] INFO [NODE-SDK:1.0.0:b2f5670c-5e0b-4f1f-a7c3-029bcb5ca9be] <EncDecUtil>: verifyChecksumByString returns: true
[2021-07-16T05:55:52.484Z] [PAYTM] INFO [NODE-SDK:1.0.0:b2f5670c-5e0b-4f1f-a7c3-029bcb5ca9be] <Request>: signature validation passed 
[2021-07-16T05:55:52.484Z] [PAYTM] INFO [NODE-SDK:1.0.0:b2f5670c-5e0b-4f1f-a7c3-029bcb5ca9be] <Request>: Execution completed with raw json response: {"head":{"responseTimestamp":"1626414949677","version":"v1","signature":"fRkXdKtSODOs0z9KLBjx5RpQwLQiq9wLFpduunopGC+k6amOXKyzbJxXvlnJJpHpnAxTsP+obohf4gVUZB5uBrJdMK8aokDPUQbtnkiPePY="},"body":{"resultInfo":{"resultStatus":"S","resultCode":"0000","resultMsg":"Success"},"txnToken":"8f763d57f8204e7c9aa574da53adec121626414949499","isPromoCodeValid":false,"authenticated":false}}
[2021-07-16T05:56:57.128Z] [PAYTM] INFO [NODE-SDK1.0.0] <MerchantProperties>: initialize called
[2021-07-16T05:56:57.129Z] [PAYTM] INFO [NODE-SDK1.0.0] <MerchantProperties>: Setting Environment for STAGE
[2021-07-16T05:56:57.130Z] [PAYTM] INFO [NODE-SDK:1.0.0:a24186ba-1461-4fef-8933-01c8ed37eef5] <Payment>: In createTxnToken PaymentDetail: {"channelId":"WEB","orderId":"1","txnAmount":{"currency":"INR","value":"1.00"},"userInfo":{"custId":"1","address":"45/1791","email":"dev@gmail.com","firstName":"dev","lastName":"dixit","mobile":"8082050623","pincode":"400053"},"readTimeout":80000}
[2021-07-16T05:56:57.130Z] [PAYTM] INFO [NODE-SDK:1.0.0:a24186ba-1461-4fef-8933-01c8ed37eef5] <Payment>: validatePaymentDetailsObject for object: {"channelId":"WEB","orderId":"1","txnAmount":{"currency":"INR","value":"1.00"},"userInfo":{"custId":"1","address":"45/1791","email":"dev@gmail.com","firstName":"dev","lastName":"dixit","mobile":"8082050623","pincode":"400053"},"readTimeout":80000}
[2021-07-16T05:56:57.130Z] [PAYTM] INFO [NODE-SDK:1.0.0:a24186ba-1461-4fef-8933-01c8ed37eef5] <Payment>:  validatePaymentDetailsObject returns true 
[2021-07-16T05:56:57.130Z] [PAYTM] INFO [NODE-SDK:1.0.0:a24186ba-1461-4fef-8933-01c8ed37eef5] <CommonUtil>: In getSecureRequestHeader
[2021-07-16T05:56:57.131Z] [PAYTM] INFO [NODE-SDK:1.0.0:a24186ba-1461-4fef-8933-01c8ed37eef5] <Payment>: InitiateTransactionRequest object {"head":{"version":"v2","channelId":"WEB","requestTimestamp":"1626415017131","signature":null},"body":{"requestType":"Payment","mid":"HzKcVy12482619156001","orderId":"1","websiteName":"WEB","txnAmount":{"currency":"INR","value":"1.00"},"userInfo":{"custId":"1","address":"45/1791","email":"dev@gmail.com","firstName":"dev","lastName":"dixit","mobile":"8082050623","pincode":"400053"},"callbackUrl":"https://dapperdak.web.app/orders"}}
[2021-07-16T05:56:57.131Z] [PAYTM] INFO [NODE-SDK:1.0.0:a24186ba-1461-4fef-8933-01c8ed37eef5] <EncDecUtil>: generateSignature() called
[2021-07-16T05:56:57.132Z] [PAYTM] INFO [NODE-SDK:1.0.0:a24186ba-1461-4fef-8933-01c8ed37eef5] <EncDecUtil>: generateRandomString() called
[2021-07-16T05:56:57.142Z] [PAYTM] INFO [NODE-SDK:1.0.0:a24186ba-1461-4fef-8933-01c8ed37eef5] <EncDecUtil>: generateSalt returns: BOc8
[2021-07-16T05:56:57.143Z] [PAYTM] INFO [NODE-SDK:1.0.0:a24186ba-1461-4fef-8933-01c8ed37eef5] <EncDecUtil>: getChecksumFromString returns: rOTaZ8hgj79XUhoKO+W3JUanxXdGd2duuSEJcpNzomEzBLOlXxigv3lUZ02I9dQDNYcK3H0AcOryLxlflVrz2Ui1WdW+feM7lft8xhsnL+8=
[2021-07-16T05:56:57.144Z] [PAYTM] INFO [NODE-SDK:1.0.0:a24186ba-1461-4fef-8933-01c8ed37eef5] <Request>: process for request: {"head":{"version":"v2","channelId":"WEB","requestTimestamp":"1626415017131","signature":"rOTaZ8hgj79XUhoKO+W3JUanxXdGd2duuSEJcpNzomEzBLOlXxigv3lUZ02I9dQDNYcK3H0AcOryLxlflVrz2Ui1WdW+feM7lft8xhsnL+8="},"body":{"requestType":"Payment","mid":"HzKcVy12482619156001","orderId":"1","websiteName":"WEB","txnAmount":{"currency":"INR","value":"1.00"},"userInfo":{"custId":"1","address":"45/1791","email":"dev@gmail.com","firstName":"dev","lastName":"dixit","mobile":"8082050623","pincode":"400053"},"callbackUrl":"https://dapperdak.web.app/orders"}}
[2021-07-16T05:56:57.144Z] [PAYTM] INFO [NODE-SDK:1.0.0:a24186ba-1461-4fef-8933-01c8ed37eef5] <Request>: executeCurl called 
[2021-07-16T05:56:57.145Z] [PAYTM] INFO [NODE-SDK:1.0.0:a24186ba-1461-4fef-8933-01c8ed37eef5] <Request>: will make API call to: https://securegw-stage.paytm.in/theia/api/v1/initiateTransaction?mid=HzKcVy12482619156001&orderId=1
[2021-07-16T05:56:57.381Z] [PAYTM] INFO [NODE-SDK:1.0.0:a24186ba-1461-4fef-8933-01c8ed37eef5] <Request>: API response received upon successful execution: {"head":{"responseTimestamp":"1626415014580","version":"v1","signature":"t+Z5IL633Puvii9ldH6ZAkg859VbDnay2uWcZm134SVHiz4r+ALu91J9HJhPhOCjtRhwxR7M8j3igvWeotxBvrQxwUoalwjglIq6EVzSdU8="},"body":{"resultInfo":{"resultStatus":"S","resultCode":"0002","resultMsg":"Success Idempotent"},"txnToken":"8f763d57f8204e7c9aa574da53adec121626414949499","isPromoCodeValid":false,"authenticated":false}}
[2021-07-16T05:56:57.382Z] [PAYTM] INFO [NODE-SDK:1.0.0:a24186ba-1461-4fef-8933-01c8ed37eef5] <Request>: Raw Response: {"head":{"responseTimestamp":"1626415014580","version":"v1","signature":"t+Z5IL633Puvii9ldH6ZAkg859VbDnay2uWcZm134SVHiz4r+ALu91J9HJhPhOCjtRhwxR7M8j3igvWeotxBvrQxwUoalwjglIq6EVzSdU8="},"body":{"resultInfo":{"resultStatus":"S","resultCode":"0002","resultMsg":"Success Idempotent"},"txnToken":"8f763d57f8204e7c9aa574da53adec121626414949499","isPromoCodeValid":false,"authenticated":false}}
[2021-07-16T05:56:57.382Z] [PAYTM] INFO [NODE-SDK:1.0.0:a24186ba-1461-4fef-8933-01c8ed37eef5] <Request>: Response Data Object: {"head":{"signature":"t+Z5IL633Puvii9ldH6ZAkg859VbDnay2uWcZm134SVHiz4r+ALu91J9HJhPhOCjtRhwxR7M8j3igvWeotxBvrQxwUoalwjglIq6EVzSdU8=","responseTimestamp":"1626415014580","version":"v1"},"body":{"txnToken":"8f763d57f8204e7c9aa574da53adec121626414949499","isPromoCodeValid":false,"resultInfo":{"resultStatus":"S","resultMsg":"Success Idempotent","resultCode":"0002"},"extraParamsMap":{}}}
[2021-07-16T05:56:57.383Z] [PAYTM] INFO [NODE-SDK:1.0.0:a24186ba-1461-4fef-8933-01c8ed37eef5] <Request>: validating signature 
[2021-07-16T05:56:57.383Z] [PAYTM] INFO [NODE-SDK:1.0.0:a24186ba-1461-4fef-8933-01c8ed37eef5] <EncDecUtil>: verifyChecksumByString called()
[2021-07-16T05:56:57.383Z] [PAYTM] INFO [NODE-SDK:1.0.0:a24186ba-1461-4fef-8933-01c8ed37eef5] <EncDecUtil>: verifyChecksumByString returns: true
[2021-07-16T05:56:57.383Z] [PAYTM] INFO [NODE-SDK:1.0.0:a24186ba-1461-4fef-8933-01c8ed37eef5] <Request>: signature validation passed 
[2021-07-16T05:56:57.383Z] [PAYTM] INFO [NODE-SDK:1.0.0:a24186ba-1461-4fef-8933-01c8ed37eef5] <Request>: Execution completed with raw json response: {"head":{"responseTimestamp":"1626415014580","version":"v1","signature":"t+Z5IL633Puvii9ldH6ZAkg859VbDnay2uWcZm134SVHiz4r+ALu91J9HJhPhOCjtRhwxR7M8j3igvWeotxBvrQxwUoalwjglIq6EVzSdU8="},"body":{"resultInfo":{"resultStatus":"S","resultCode":"0002","resultMsg":"Success Idempotent"},"txnToken":"8f763d57f8204e7c9aa574da53adec121626414949499","isPromoCodeValid":false,"authenticated":false}}
[2021-07-16T05:57:28.075Z] [PAYTM] INFO [NODE-SDK1.0.0] <MerchantProperties>: initialize called
[2021-07-16T05:57:28.076Z] [PAYTM] INFO [NODE-SDK1.0.0] <MerchantProperties>: Setting Environment for STAGE
[2021-07-16T05:57:28.077Z] [PAYTM] INFO [NODE-SDK:1.0.0:d6b08748-7011-4c42-a15e-760c7f75fd4f] <Payment>: In createTxnToken PaymentDetail: {"channelId":"WEB","orderId":"1","txnAmount":{"currency":"INR","value":"1.00"},"userInfo":{"custId":"1","address":"45/1791","email":"dev@gmail.com","firstName":"dev","lastName":"dixit","mobile":"8082050623","pincode":"400053"},"readTimeout":80000}
[2021-07-16T05:57:28.077Z] [PAYTM] INFO [NODE-SDK:1.0.0:d6b08748-7011-4c42-a15e-760c7f75fd4f] <Payment>: validatePaymentDetailsObject for object: {"channelId":"WEB","orderId":"1","txnAmount":{"currency":"INR","value":"1.00"},"userInfo":{"custId":"1","address":"45/1791","email":"dev@gmail.com","firstName":"dev","lastName":"dixit","mobile":"8082050623","pincode":"400053"},"readTimeout":80000}
[2021-07-16T05:57:28.077Z] [PAYTM] INFO [NODE-SDK:1.0.0:d6b08748-7011-4c42-a15e-760c7f75fd4f] <Payment>:  validatePaymentDetailsObject returns true 
[2021-07-16T05:57:28.078Z] [PAYTM] INFO [NODE-SDK:1.0.0:d6b08748-7011-4c42-a15e-760c7f75fd4f] <CommonUtil>: In getSecureRequestHeader
[2021-07-16T05:57:28.079Z] [PAYTM] INFO [NODE-SDK:1.0.0:d6b08748-7011-4c42-a15e-760c7f75fd4f] <Payment>: InitiateTransactionRequest object {"head":{"version":"v2","channelId":"WEB","requestTimestamp":"1626415048078","signature":null},"body":{"requestType":"Payment","mid":"HzKcVy12482619156001","orderId":"1","websiteName":"WEB","txnAmount":{"currency":"INR","value":"1.00"},"userInfo":{"custId":"1","address":"45/1791","email":"dev@gmail.com","firstName":"dev","lastName":"dixit","mobile":"8082050623","pincode":"400053"},"callbackUrl":"https://dapperdak.web.app/orders"}}
[2021-07-16T05:57:28.079Z] [PAYTM] INFO [NODE-SDK:1.0.0:d6b08748-7011-4c42-a15e-760c7f75fd4f] <EncDecUtil>: generateSignature() called
[2021-07-16T05:57:28.080Z] [PAYTM] INFO [NODE-SDK:1.0.0:d6b08748-7011-4c42-a15e-760c7f75fd4f] <EncDecUtil>: generateRandomString() called
[2021-07-16T05:57:28.090Z] [PAYTM] INFO [NODE-SDK:1.0.0:d6b08748-7011-4c42-a15e-760c7f75fd4f] <EncDecUtil>: generateSalt returns: 8+HP
[2021-07-16T05:57:28.091Z] [PAYTM] INFO [NODE-SDK:1.0.0:d6b08748-7011-4c42-a15e-760c7f75fd4f] <EncDecUtil>: getChecksumFromString returns: J51W+cUF3TfSh9FFfT0a4x6M3PHlXKg3RGqIGGZtIlPO+wwmpkB0t9JjybrtjA+eNFWyrpAn1pkskurqjC9z0WT3ja5T700uvYZ1bjXDlJw=
[2021-07-16T05:57:28.092Z] [PAYTM] INFO [NODE-SDK:1.0.0:d6b08748-7011-4c42-a15e-760c7f75fd4f] <Request>: process for request: {"head":{"version":"v2","channelId":"WEB","requestTimestamp":"1626415048078","signature":"J51W+cUF3TfSh9FFfT0a4x6M3PHlXKg3RGqIGGZtIlPO+wwmpkB0t9JjybrtjA+eNFWyrpAn1pkskurqjC9z0WT3ja5T700uvYZ1bjXDlJw="},"body":{"requestType":"Payment","mid":"HzKcVy12482619156001","orderId":"1","websiteName":"WEB","txnAmount":{"currency":"INR","value":"1.00"},"userInfo":{"custId":"1","address":"45/1791","email":"dev@gmail.com","firstName":"dev","lastName":"dixit","mobile":"8082050623","pincode":"400053"},"callbackUrl":"https://dapperdak.web.app/orders"}}
[2021-07-16T05:57:28.092Z] [PAYTM] INFO [NODE-SDK:1.0.0:d6b08748-7011-4c42-a15e-760c7f75fd4f] <Request>: executeCurl called 
[2021-07-16T05:57:28.092Z] [PAYTM] INFO [NODE-SDK:1.0.0:d6b08748-7011-4c42-a15e-760c7f75fd4f] <Request>: will make API call to: https://securegw-stage.paytm.in/theia/api/v1/initiateTransaction?mid=HzKcVy12482619156001&orderId=1
[2021-07-16T05:57:28.215Z] [PAYTM] INFO [NODE-SDK:1.0.0:d6b08748-7011-4c42-a15e-760c7f75fd4f] <Request>: API response received upon successful execution: {"head":{"responseTimestamp":"1626415045412","version":"v1","signature":"kaJDtp3PUJxo6EW21vBNBUcLMhKSRhyrvfO1403MY2wlAUHKOee8p0OKeRFXhIJzoDFAduPONhvx/VFMeu82sV1a1szX9s3tJQIly3k5swI="},"body":{"resultInfo":{"resultStatus":"S","resultCode":"0002","resultMsg":"Success Idempotent"},"txnToken":"8f763d57f8204e7c9aa574da53adec121626414949499","isPromoCodeValid":false,"authenticated":false}}
[2021-07-16T05:57:28.216Z] [PAYTM] INFO [NODE-SDK:1.0.0:d6b08748-7011-4c42-a15e-760c7f75fd4f] <Request>: Raw Response: {"head":{"responseTimestamp":"1626415045412","version":"v1","signature":"kaJDtp3PUJxo6EW21vBNBUcLMhKSRhyrvfO1403MY2wlAUHKOee8p0OKeRFXhIJzoDFAduPONhvx/VFMeu82sV1a1szX9s3tJQIly3k5swI="},"body":{"resultInfo":{"resultStatus":"S","resultCode":"0002","resultMsg":"Success Idempotent"},"txnToken":"8f763d57f8204e7c9aa574da53adec121626414949499","isPromoCodeValid":false,"authenticated":false}}
[2021-07-16T05:57:28.216Z] [PAYTM] INFO [NODE-SDK:1.0.0:d6b08748-7011-4c42-a15e-760c7f75fd4f] <Request>: Response Data Object: {"head":{"signature":"kaJDtp3PUJxo6EW21vBNBUcLMhKSRhyrvfO1403MY2wlAUHKOee8p0OKeRFXhIJzoDFAduPONhvx/VFMeu82sV1a1szX9s3tJQIly3k5swI=","responseTimestamp":"1626415045412","version":"v1"},"body":{"txnToken":"8f763d57f8204e7c9aa574da53adec121626414949499","isPromoCodeValid":false,"resultInfo":{"resultStatus":"S","resultMsg":"Success Idempotent","resultCode":"0002"},"extraParamsMap":{}}}
[2021-07-16T05:57:28.216Z] [PAYTM] INFO [NODE-SDK:1.0.0:d6b08748-7011-4c42-a15e-760c7f75fd4f] <Request>: validating signature 
[2021-07-16T05:57:28.217Z] [PAYTM] INFO [NODE-SDK:1.0.0:d6b08748-7011-4c42-a15e-760c7f75fd4f] <EncDecUtil>: verifyChecksumByString called()
[2021-07-16T05:57:28.217Z] [PAYTM] INFO [NODE-SDK:1.0.0:d6b08748-7011-4c42-a15e-760c7f75fd4f] <EncDecUtil>: verifyChecksumByString returns: true
[2021-07-16T05:57:28.217Z] [PAYTM] INFO [NODE-SDK:1.0.0:d6b08748-7011-4c42-a15e-760c7f75fd4f] <Request>: signature validation passed 
[2021-07-16T05:57:28.217Z] [PAYTM] INFO [NODE-SDK:1.0.0:d6b08748-7011-4c42-a15e-760c7f75fd4f] <Request>: Execution completed with raw json response: {"head":{"responseTimestamp":"1626415045412","version":"v1","signature":"kaJDtp3PUJxo6EW21vBNBUcLMhKSRhyrvfO1403MY2wlAUHKOee8p0OKeRFXhIJzoDFAduPONhvx/VFMeu82sV1a1szX9s3tJQIly3k5swI="},"body":{"resultInfo":{"resultStatus":"S","resultCode":"0002","resultMsg":"Success Idempotent"},"txnToken":"8f763d57f8204e7c9aa574da53adec121626414949499","isPromoCodeValid":false,"authenticated":false}}
[2021-07-16T06:24:33.146Z] [PAYTM] INFO [NODE-SDK1.0.0] <MerchantProperties>: initialize called
[2021-07-16T06:24:33.147Z] [PAYTM] INFO [NODE-SDK1.0.0] <MerchantProperties>: Setting Environment for STAGE
[2021-07-16T06:24:33.149Z] [PAYTM] INFO [NODE-SDK:1.0.0:7e9a657e-f214-4af7-b368-120dd261fe7d] <Payment>: In createTxnToken PaymentDetail: {"channelId":"WEB","orderId":"1","txnAmount":{"currency":"INR","value":"1.00"},"userInfo":{"custId":"1","address":"45/1791","email":"dev@gmail.com","firstName":"dev","lastName":"dixit","mobile":"8082050623","pincode":"400053"},"readTimeout":80000}
[2021-07-16T06:24:33.149Z] [PAYTM] INFO [NODE-SDK:1.0.0:7e9a657e-f214-4af7-b368-120dd261fe7d] <Payment>: validatePaymentDetailsObject for object: {"channelId":"WEB","orderId":"1","txnAmount":{"currency":"INR","value":"1.00"},"userInfo":{"custId":"1","address":"45/1791","email":"dev@gmail.com","firstName":"dev","lastName":"dixit","mobile":"8082050623","pincode":"400053"},"readTimeout":80000}
[2021-07-16T06:24:33.149Z] [PAYTM] INFO [NODE-SDK:1.0.0:7e9a657e-f214-4af7-b368-120dd261fe7d] <Payment>:  validatePaymentDetailsObject returns true 
[2021-07-16T06:24:33.149Z] [PAYTM] INFO [NODE-SDK:1.0.0:7e9a657e-f214-4af7-b368-120dd261fe7d] <CommonUtil>: In getSecureRequestHeader
[2021-07-16T06:24:33.150Z] [PAYTM] INFO [NODE-SDK:1.0.0:7e9a657e-f214-4af7-b368-120dd261fe7d] <Payment>: InitiateTransactionRequest object {"head":{"version":"v2","channelId":"WEB","requestTimestamp":"1626416673149","signature":null},"body":{"requestType":"Payment","mid":"HzKcVy12482619156001","orderId":"1","websiteName":"WEB","txnAmount":{"currency":"INR","value":"1.00"},"userInfo":{"custId":"1","address":"45/1791","email":"dev@gmail.com","firstName":"dev","lastName":"dixit","mobile":"8082050623","pincode":"400053"},"callbackUrl":"https://dapperdak.web.app/orders"}}
[2021-07-16T06:24:33.150Z] [PAYTM] INFO [NODE-SDK:1.0.0:7e9a657e-f214-4af7-b368-120dd261fe7d] <EncDecUtil>: generateSignature() called
[2021-07-16T06:24:33.150Z] [PAYTM] INFO [NODE-SDK:1.0.0:7e9a657e-f214-4af7-b368-120dd261fe7d] <EncDecUtil>: generateRandomString() called
[2021-07-16T06:24:33.162Z] [PAYTM] INFO [NODE-SDK:1.0.0:7e9a657e-f214-4af7-b368-120dd261fe7d] <EncDecUtil>: generateSalt returns: tger
[2021-07-16T06:24:33.163Z] [PAYTM] INFO [NODE-SDK:1.0.0:7e9a657e-f214-4af7-b368-120dd261fe7d] <EncDecUtil>: getChecksumFromString returns: mK/5/ju/u50UaUfS3L6luRwoqP/9UvLGTTVf6PqYUKylx+HdwoScNcHoNNeI0dGzX2MaYG2bN+AjsdcAmEyF65PHACniaaGMJz1AWE7OBkQ=
[2021-07-16T06:24:33.163Z] [PAYTM] INFO [NODE-SDK:1.0.0:7e9a657e-f214-4af7-b368-120dd261fe7d] <Request>: process for request: {"head":{"version":"v2","channelId":"WEB","requestTimestamp":"1626416673149","signature":"mK/5/ju/u50UaUfS3L6luRwoqP/9UvLGTTVf6PqYUKylx+HdwoScNcHoNNeI0dGzX2MaYG2bN+AjsdcAmEyF65PHACniaaGMJz1AWE7OBkQ="},"body":{"requestType":"Payment","mid":"HzKcVy12482619156001","orderId":"1","websiteName":"WEB","txnAmount":{"currency":"INR","value":"1.00"},"userInfo":{"custId":"1","address":"45/1791","email":"dev@gmail.com","firstName":"dev","lastName":"dixit","mobile":"8082050623","pincode":"400053"},"callbackUrl":"https://dapperdak.web.app/orders"}}
[2021-07-16T06:24:33.164Z] [PAYTM] INFO [NODE-SDK:1.0.0:7e9a657e-f214-4af7-b368-120dd261fe7d] <Request>: executeCurl called 
[2021-07-16T06:24:33.164Z] [PAYTM] INFO [NODE-SDK:1.0.0:7e9a657e-f214-4af7-b368-120dd261fe7d] <Request>: will make API call to: https://securegw-stage.paytm.in/theia/api/v1/initiateTransaction?mid=HzKcVy12482619156001&orderId=1
[2021-07-16T06:24:33.450Z] [PAYTM] INFO [NODE-SDK:1.0.0:7e9a657e-f214-4af7-b368-120dd261fe7d] <Request>: API response received upon successful execution: {"head":{"requestId":null,"responseTimestamp":"1626416670628","version":"v1"},"body":{"extraParamsMap":null,"resultInfo":{"resultStatus":"F","resultCode":"325","resultMsg":"The payment failed due to duplicate order id. Please try again."}}}
[2021-07-16T06:24:33.450Z] [PAYTM] INFO [NODE-SDK:1.0.0:7e9a657e-f214-4af7-b368-120dd261fe7d] <Request>: Raw Response: {"head":{"requestId":null,"responseTimestamp":"1626416670628","version":"v1"},"body":{"extraParamsMap":null,"resultInfo":{"resultStatus":"F","resultCode":"325","resultMsg":"The payment failed due to duplicate order id. Please try again."}}}
[2021-07-16T06:24:33.451Z] [PAYTM] INFO [NODE-SDK:1.0.0:7e9a657e-f214-4af7-b368-120dd261fe7d] <Request>: Response Data Object: {"head":{"responseTimestamp":"1626416670628","version":"v1"},"body":{"resultInfo":{"resultStatus":"F","resultMsg":"The payment failed due to duplicate order id. Please try again.","resultCode":"325"},"extraParamsMap":null}}
[2021-07-16T06:24:33.451Z] [PAYTM] INFO [NODE-SDK:1.0.0:7e9a657e-f214-4af7-b368-120dd261fe7d] <Request>: Execution completed with raw json response: {"head":{"requestId":null,"responseTimestamp":"1626416670628","version":"v1"},"body":{"extraParamsMap":null,"resultInfo":{"resultStatus":"F","resultCode":"325","resultMsg":"The payment failed due to duplicate order id. Please try again."}}}
[2021-07-16T06:25:13.717Z] [PAYTM] INFO [NODE-SDK1.0.0] <MerchantProperties>: initialize called
[2021-07-16T06:25:13.719Z] [PAYTM] INFO [NODE-SDK1.0.0] <MerchantProperties>: Setting Environment for STAGE
[2021-07-16T06:25:13.720Z] [PAYTM] INFO [NODE-SDK:1.0.0:28f0a968-3b72-4418-a55c-433e144dcbb1] <Payment>: In createTxnToken PaymentDetail: {"channelId":"WEB","orderId":"1","txnAmount":{"currency":"INR","value":"1.00"},"userInfo":{"custId":"1","address":"45/1791","email":"dev@gmail.com","firstName":"dev","lastName":"dixit","mobile":"8082050623","pincode":"400053"},"readTimeout":80000}
[2021-07-16T06:25:13.720Z] [PAYTM] INFO [NODE-SDK:1.0.0:28f0a968-3b72-4418-a55c-433e144dcbb1] <Payment>: validatePaymentDetailsObject for object: {"channelId":"WEB","orderId":"1","txnAmount":{"currency":"INR","value":"1.00"},"userInfo":{"custId":"1","address":"45/1791","email":"dev@gmail.com","firstName":"dev","lastName":"dixit","mobile":"8082050623","pincode":"400053"},"readTimeout":80000}
[2021-07-16T06:25:13.720Z] [PAYTM] INFO [NODE-SDK:1.0.0:28f0a968-3b72-4418-a55c-433e144dcbb1] <Payment>:  validatePaymentDetailsObject returns true 
[2021-07-16T06:25:13.720Z] [PAYTM] INFO [NODE-SDK:1.0.0:28f0a968-3b72-4418-a55c-433e144dcbb1] <CommonUtil>: In getSecureRequestHeader
[2021-07-16T06:25:13.721Z] [PAYTM] INFO [NODE-SDK:1.0.0:28f0a968-3b72-4418-a55c-433e144dcbb1] <Payment>: InitiateTransactionRequest object {"head":{"version":"v2","channelId":"WEB","requestTimestamp":"1626416713720","signature":null},"body":{"requestType":"Payment","mid":"HzKcVy12482619156001","orderId":"1","websiteName":"WEB","txnAmount":{"currency":"INR","value":"1.00"},"userInfo":{"custId":"1","address":"45/1791","email":"dev@gmail.com","firstName":"dev","lastName":"dixit","mobile":"8082050623","pincode":"400053"},"callbackUrl":"https://dapperdak.web.app/orders"}}
[2021-07-16T06:25:13.721Z] [PAYTM] INFO [NODE-SDK:1.0.0:28f0a968-3b72-4418-a55c-433e144dcbb1] <EncDecUtil>: generateSignature() called
[2021-07-16T06:25:13.721Z] [PAYTM] INFO [NODE-SDK:1.0.0:28f0a968-3b72-4418-a55c-433e144dcbb1] <EncDecUtil>: generateRandomString() called
[2021-07-16T06:25:13.732Z] [PAYTM] INFO [NODE-SDK:1.0.0:28f0a968-3b72-4418-a55c-433e144dcbb1] <EncDecUtil>: generateSalt returns: /kHr
[2021-07-16T06:25:13.733Z] [PAYTM] INFO [NODE-SDK:1.0.0:28f0a968-3b72-4418-a55c-433e144dcbb1] <EncDecUtil>: getChecksumFromString returns: XN/hhR6HifPMIs+3V3b5I7B0gAJ+d1/e1qhoIkwYC4NWb0oV8X6VTNU/yt1Hw3lKIpHzTI5XMEO1cVT3x+xS5JrbST9jdOQrt6VZm6HosYs=
[2021-07-16T06:25:13.734Z] [PAYTM] INFO [NODE-SDK:1.0.0:28f0a968-3b72-4418-a55c-433e144dcbb1] <Request>: process for request: {"head":{"version":"v2","channelId":"WEB","requestTimestamp":"1626416713720","signature":"XN/hhR6HifPMIs+3V3b5I7B0gAJ+d1/e1qhoIkwYC4NWb0oV8X6VTNU/yt1Hw3lKIpHzTI5XMEO1cVT3x+xS5JrbST9jdOQrt6VZm6HosYs="},"body":{"requestType":"Payment","mid":"HzKcVy12482619156001","orderId":"1","websiteName":"WEB","txnAmount":{"currency":"INR","value":"1.00"},"userInfo":{"custId":"1","address":"45/1791","email":"dev@gmail.com","firstName":"dev","lastName":"dixit","mobile":"8082050623","pincode":"400053"},"callbackUrl":"https://dapperdak.web.app/orders"}}
[2021-07-16T06:25:13.734Z] [PAYTM] INFO [NODE-SDK:1.0.0:28f0a968-3b72-4418-a55c-433e144dcbb1] <Request>: executeCurl called 
[2021-07-16T06:25:13.735Z] [PAYTM] INFO [NODE-SDK:1.0.0:28f0a968-3b72-4418-a55c-433e144dcbb1] <Request>: will make API call to: https://securegw-stage.paytm.in/theia/api/v1/initiateTransaction?mid=HzKcVy12482619156001&orderId=1
[2021-07-16T06:25:14.023Z] [PAYTM] INFO [NODE-SDK:1.0.0:28f0a968-3b72-4418-a55c-433e144dcbb1] <Request>: API response received upon successful execution: {"head":{"requestId":null,"responseTimestamp":"1626416711199","version":"v1"},"body":{"extraParamsMap":null,"resultInfo":{"resultStatus":"F","resultCode":"325","resultMsg":"The payment failed due to duplicate order id. Please try again."}}}
[2021-07-16T06:25:14.024Z] [PAYTM] INFO [NODE-SDK:1.0.0:28f0a968-3b72-4418-a55c-433e144dcbb1] <Request>: Raw Response: {"head":{"requestId":null,"responseTimestamp":"1626416711199","version":"v1"},"body":{"extraParamsMap":null,"resultInfo":{"resultStatus":"F","resultCode":"325","resultMsg":"The payment failed due to duplicate order id. Please try again."}}}
[2021-07-16T06:25:14.024Z] [PAYTM] INFO [NODE-SDK:1.0.0:28f0a968-3b72-4418-a55c-433e144dcbb1] <Request>: Response Data Object: {"head":{"responseTimestamp":"1626416711199","version":"v1"},"body":{"resultInfo":{"resultStatus":"F","resultMsg":"The payment failed due to duplicate order id. Please try again.","resultCode":"325"},"extraParamsMap":null}}
[2021-07-16T06:25:14.024Z] [PAYTM] INFO [NODE-SDK:1.0.0:28f0a968-3b72-4418-a55c-433e144dcbb1] <Request>: Execution completed with raw json response: {"head":{"requestId":null,"responseTimestamp":"1626416711199","version":"v1"},"body":{"extraParamsMap":null,"resultInfo":{"resultStatus":"F","resultCode":"325","resultMsg":"The payment failed due to duplicate order id. Please try again."}}}
[2021-07-16T06:26:26.143Z] [PAYTM] INFO [NODE-SDK1.0.0] <MerchantProperties>: initialize called
[2021-07-16T06:26:26.144Z] [PAYTM] INFO [NODE-SDK1.0.0] <MerchantProperties>: Setting Environment for STAGE
[2021-07-16T06:26:26.145Z] [PAYTM] INFO [NODE-SDK:1.0.0:2a72d650-7dfb-472f-80ab-63e4d4c4d3a6] <Payment>: In createTxnToken PaymentDetail: {"channelId":"WEB","orderId":"1","txnAmount":{"currency":"INR","value":"1.00"},"userInfo":{"custId":"1","address":"45/1791","email":"dev@gmail.com","firstName":"dev","lastName":"dixit","mobile":"8082050623","pincode":"400053"},"readTimeout":80000}
[2021-07-16T06:26:26.145Z] [PAYTM] INFO [NODE-SDK:1.0.0:2a72d650-7dfb-472f-80ab-63e4d4c4d3a6] <Payment>: validatePaymentDetailsObject for object: {"channelId":"WEB","orderId":"1","txnAmount":{"currency":"INR","value":"1.00"},"userInfo":{"custId":"1","address":"45/1791","email":"dev@gmail.com","firstName":"dev","lastName":"dixit","mobile":"8082050623","pincode":"400053"},"readTimeout":80000}
[2021-07-16T06:26:26.145Z] [PAYTM] INFO [NODE-SDK:1.0.0:2a72d650-7dfb-472f-80ab-63e4d4c4d3a6] <Payment>:  validatePaymentDetailsObject returns true 
[2021-07-16T06:26:26.145Z] [PAYTM] INFO [NODE-SDK:1.0.0:2a72d650-7dfb-472f-80ab-63e4d4c4d3a6] <CommonUtil>: In getSecureRequestHeader
[2021-07-16T06:26:26.146Z] [PAYTM] INFO [NODE-SDK:1.0.0:2a72d650-7dfb-472f-80ab-63e4d4c4d3a6] <Payment>: InitiateTransactionRequest object {"head":{"version":"v2","channelId":"WEB","requestTimestamp":"1626416786145","signature":null},"body":{"requestType":"Payment","mid":"HzKcVy12482619156001","orderId":"1","websiteName":"WEB","txnAmount":{"currency":"INR","value":"1.00"},"userInfo":{"custId":"1","address":"45/1791","email":"dev@gmail.com","firstName":"dev","lastName":"dixit","mobile":"8082050623","pincode":"400053"},"callbackUrl":"https://dapperdak.web.app/orders"}}
[2021-07-16T06:26:26.146Z] [PAYTM] INFO [NODE-SDK:1.0.0:2a72d650-7dfb-472f-80ab-63e4d4c4d3a6] <EncDecUtil>: generateSignature() called
[2021-07-16T06:26:26.146Z] [PAYTM] INFO [NODE-SDK:1.0.0:2a72d650-7dfb-472f-80ab-63e4d4c4d3a6] <EncDecUtil>: generateRandomString() called
[2021-07-16T06:26:26.156Z] [PAYTM] INFO [NODE-SDK:1.0.0:2a72d650-7dfb-472f-80ab-63e4d4c4d3a6] <EncDecUtil>: generateSalt returns: /6ok
[2021-07-16T06:26:26.158Z] [PAYTM] INFO [NODE-SDK:1.0.0:2a72d650-7dfb-472f-80ab-63e4d4c4d3a6] <EncDecUtil>: getChecksumFromString returns: lxwH3hoEj57GrYWf60tnDzCMAtsyQHotclBQVSuuzBNtl7DeVbLbSVD6EJiUf+lnf1LB6DPwItP8xpelIPEj3Uv4j76JM7K+9XMW7Cjj1aA=
[2021-07-16T06:26:26.159Z] [PAYTM] INFO [NODE-SDK:1.0.0:2a72d650-7dfb-472f-80ab-63e4d4c4d3a6] <Request>: process for request: {"head":{"version":"v2","channelId":"WEB","requestTimestamp":"1626416786145","signature":"lxwH3hoEj57GrYWf60tnDzCMAtsyQHotclBQVSuuzBNtl7DeVbLbSVD6EJiUf+lnf1LB6DPwItP8xpelIPEj3Uv4j76JM7K+9XMW7Cjj1aA="},"body":{"requestType":"Payment","mid":"HzKcVy12482619156001","orderId":"1","websiteName":"WEB","txnAmount":{"currency":"INR","value":"1.00"},"userInfo":{"custId":"1","address":"45/1791","email":"dev@gmail.com","firstName":"dev","lastName":"dixit","mobile":"8082050623","pincode":"400053"},"callbackUrl":"https://dapperdak.web.app/orders"}}
[2021-07-16T06:26:26.159Z] [PAYTM] INFO [NODE-SDK:1.0.0:2a72d650-7dfb-472f-80ab-63e4d4c4d3a6] <Request>: executeCurl called 
[2021-07-16T06:26:26.159Z] [PAYTM] INFO [NODE-SDK:1.0.0:2a72d650-7dfb-472f-80ab-63e4d4c4d3a6] <Request>: will make API call to: https://securegw-stage.paytm.in/theia/api/v1/initiateTransaction?mid=HzKcVy12482619156001&orderId=1
[2021-07-16T06:26:26.445Z] [PAYTM] INFO [NODE-SDK:1.0.0:2a72d650-7dfb-472f-80ab-63e4d4c4d3a6] <Request>: API response received upon successful execution: {"head":{"requestId":null,"responseTimestamp":"1626416783614","version":"v1"},"body":{"extraParamsMap":null,"resultInfo":{"resultStatus":"F","resultCode":"325","resultMsg":"The payment failed due to duplicate order id. Please try again."}}}
[2021-07-16T06:26:26.446Z] [PAYTM] INFO [NODE-SDK:1.0.0:2a72d650-7dfb-472f-80ab-63e4d4c4d3a6] <Request>: Raw Response: {"head":{"requestId":null,"responseTimestamp":"1626416783614","version":"v1"},"body":{"extraParamsMap":null,"resultInfo":{"resultStatus":"F","resultCode":"325","resultMsg":"The payment failed due to duplicate order id. Please try again."}}}
[2021-07-16T06:26:26.447Z] [PAYTM] INFO [NODE-SDK:1.0.0:2a72d650-7dfb-472f-80ab-63e4d4c4d3a6] <Request>: Response Data Object: {"head":{"responseTimestamp":"1626416783614","version":"v1"},"body":{"resultInfo":{"resultStatus":"F","resultMsg":"The payment failed due to duplicate order id. Please try again.","resultCode":"325"},"extraParamsMap":null}}
[2021-07-16T06:26:26.447Z] [PAYTM] INFO [NODE-SDK:1.0.0:2a72d650-7dfb-472f-80ab-63e4d4c4d3a6] <Request>: Execution completed with raw json response: {"head":{"requestId":null,"responseTimestamp":"1626416783614","version":"v1"},"body":{"extraParamsMap":null,"resultInfo":{"resultStatus":"F","resultCode":"325","resultMsg":"The payment failed due to duplicate order id. Please try again."}}}
[2021-07-16T06:27:13.691Z] [PAYTM] INFO [NODE-SDK1.0.0] <MerchantProperties>: initialize called
[2021-07-16T06:27:13.692Z] [PAYTM] INFO [NODE-SDK1.0.0] <MerchantProperties>: Setting Environment for STAGE
[2021-07-16T06:27:13.693Z] [PAYTM] INFO [NODE-SDK:1.0.0:e2fd7761-e82e-4152-8f55-0aa9aa0e36c2] <Payment>: In createTxnToken PaymentDetail: {"channelId":"WEB","orderId":"1sdd","txnAmount":{"currency":"INR","value":"1.00"},"userInfo":{"custId":"1","address":"45/1791","email":"dev@gmail.com","firstName":"dev","lastName":"dixit","mobile":"8082050623","pincode":"400053"},"readTimeout":80000}
[2021-07-16T06:27:13.694Z] [PAYTM] INFO [NODE-SDK:1.0.0:e2fd7761-e82e-4152-8f55-0aa9aa0e36c2] <Payment>: validatePaymentDetailsObject for object: {"channelId":"WEB","orderId":"1sdd","txnAmount":{"currency":"INR","value":"1.00"},"userInfo":{"custId":"1","address":"45/1791","email":"dev@gmail.com","firstName":"dev","lastName":"dixit","mobile":"8082050623","pincode":"400053"},"readTimeout":80000}
[2021-07-16T06:27:13.694Z] [PAYTM] INFO [NODE-SDK:1.0.0:e2fd7761-e82e-4152-8f55-0aa9aa0e36c2] <Payment>:  validatePaymentDetailsObject returns true 
[2021-07-16T06:27:13.694Z] [PAYTM] INFO [NODE-SDK:1.0.0:e2fd7761-e82e-4152-8f55-0aa9aa0e36c2] <CommonUtil>: In getSecureRequestHeader
[2021-07-16T06:27:13.695Z] [PAYTM] INFO [NODE-SDK:1.0.0:e2fd7761-e82e-4152-8f55-0aa9aa0e36c2] <Payment>: InitiateTransactionRequest object {"head":{"version":"v2","channelId":"WEB","requestTimestamp":"1626416833694","signature":null},"body":{"requestType":"Payment","mid":"HzKcVy12482619156001","orderId":"1sdd","websiteName":"WEB","txnAmount":{"currency":"INR","value":"1.00"},"userInfo":{"custId":"1","address":"45/1791","email":"dev@gmail.com","firstName":"dev","lastName":"dixit","mobile":"8082050623","pincode":"400053"},"callbackUrl":"https://dapperdak.web.app/orders"}}
[2021-07-16T06:27:13.695Z] [PAYTM] INFO [NODE-SDK:1.0.0:e2fd7761-e82e-4152-8f55-0aa9aa0e36c2] <EncDecUtil>: generateSignature() called
[2021-07-16T06:27:13.696Z] [PAYTM] INFO [NODE-SDK:1.0.0:e2fd7761-e82e-4152-8f55-0aa9aa0e36c2] <EncDecUtil>: generateRandomString() called
[2021-07-16T06:27:13.713Z] [PAYTM] INFO [NODE-SDK:1.0.0:e2fd7761-e82e-4152-8f55-0aa9aa0e36c2] <EncDecUtil>: generateSalt returns: 9HVe
[2021-07-16T06:27:13.715Z] [PAYTM] INFO [NODE-SDK:1.0.0:e2fd7761-e82e-4152-8f55-0aa9aa0e36c2] <EncDecUtil>: getChecksumFromString returns: CbN5pZU/SpHrIUGbCK5F29GLWcLNYJWoJFyAKy+iZRqncWa9YrIltZIjRi1qP9PLkRqaAC3zE+1yuQPs2SYKEwqVGTO3aUpQtdJKYQQbUDE=
[2021-07-16T06:27:13.716Z] [PAYTM] INFO [NODE-SDK:1.0.0:e2fd7761-e82e-4152-8f55-0aa9aa0e36c2] <Request>: process for request: {"head":{"version":"v2","channelId":"WEB","requestTimestamp":"1626416833694","signature":"CbN5pZU/SpHrIUGbCK5F29GLWcLNYJWoJFyAKy+iZRqncWa9YrIltZIjRi1qP9PLkRqaAC3zE+1yuQPs2SYKEwqVGTO3aUpQtdJKYQQbUDE="},"body":{"requestType":"Payment","mid":"HzKcVy12482619156001","orderId":"1sdd","websiteName":"WEB","txnAmount":{"currency":"INR","value":"1.00"},"userInfo":{"custId":"1","address":"45/1791","email":"dev@gmail.com","firstName":"dev","lastName":"dixit","mobile":"8082050623","pincode":"400053"},"callbackUrl":"https://dapperdak.web.app/orders"}}
[2021-07-16T06:27:13.718Z] [PAYTM] INFO [NODE-SDK:1.0.0:e2fd7761-e82e-4152-8f55-0aa9aa0e36c2] <Request>: executeCurl called 
[2021-07-16T06:27:13.719Z] [PAYTM] INFO [NODE-SDK:1.0.0:e2fd7761-e82e-4152-8f55-0aa9aa0e36c2] <Request>: will make API call to: https://securegw-stage.paytm.in/theia/api/v1/initiateTransaction?mid=HzKcVy12482619156001&orderId=1sdd
[2021-07-16T06:27:13.976Z] [PAYTM] INFO [NODE-SDK:1.0.0:e2fd7761-e82e-4152-8f55-0aa9aa0e36c2] <Request>: API response received upon successful execution: {"head":{"responseTimestamp":"1626416831144","version":"v1","signature":"HjwFzNvla29tK4Jx6SQbO2UfylJRxYhQ2z9md7pCYFw9N/CWLExF2O8mNvpKlnW/Lhg6SIK9xDO3bzUL2Jo5fqmidKqyGzlnN1keu2ccTdk="},"body":{"resultInfo":{"resultStatus":"S","resultCode":"0000","resultMsg":"Success"},"txnToken":"c31665c3a1614d92b4a747b2b92d2dbf1626416831019","isPromoCodeValid":false,"authenticated":false}}
[2021-07-16T06:27:13.977Z] [PAYTM] INFO [NODE-SDK:1.0.0:e2fd7761-e82e-4152-8f55-0aa9aa0e36c2] <Request>: Raw Response: {"head":{"responseTimestamp":"1626416831144","version":"v1","signature":"HjwFzNvla29tK4Jx6SQbO2UfylJRxYhQ2z9md7pCYFw9N/CWLExF2O8mNvpKlnW/Lhg6SIK9xDO3bzUL2Jo5fqmidKqyGzlnN1keu2ccTdk="},"body":{"resultInfo":{"resultStatus":"S","resultCode":"0000","resultMsg":"Success"},"txnToken":"c31665c3a1614d92b4a747b2b92d2dbf1626416831019","isPromoCodeValid":false,"authenticated":false}}
[2021-07-16T06:27:13.978Z] [PAYTM] INFO [NODE-SDK:1.0.0:e2fd7761-e82e-4152-8f55-0aa9aa0e36c2] <Request>: Response Data Object: {"head":{"signature":"HjwFzNvla29tK4Jx6SQbO2UfylJRxYhQ2z9md7pCYFw9N/CWLExF2O8mNvpKlnW/Lhg6SIK9xDO3bzUL2Jo5fqmidKqyGzlnN1keu2ccTdk=","responseTimestamp":"1626416831144","version":"v1"},"body":{"txnToken":"c31665c3a1614d92b4a747b2b92d2dbf1626416831019","isPromoCodeValid":false,"resultInfo":{"resultStatus":"S","resultMsg":"Success","resultCode":"0000"},"extraParamsMap":{}}}
[2021-07-16T06:27:13.978Z] [PAYTM] INFO [NODE-SDK:1.0.0:e2fd7761-e82e-4152-8f55-0aa9aa0e36c2] <Request>: validating signature 
[2021-07-16T06:27:13.978Z] [PAYTM] INFO [NODE-SDK:1.0.0:e2fd7761-e82e-4152-8f55-0aa9aa0e36c2] <EncDecUtil>: verifyChecksumByString called()
[2021-07-16T06:27:13.978Z] [PAYTM] INFO [NODE-SDK:1.0.0:e2fd7761-e82e-4152-8f55-0aa9aa0e36c2] <EncDecUtil>: verifyChecksumByString returns: true
[2021-07-16T06:27:13.978Z] [PAYTM] INFO [NODE-SDK:1.0.0:e2fd7761-e82e-4152-8f55-0aa9aa0e36c2] <Request>: signature validation passed 
[2021-07-16T06:27:13.978Z] [PAYTM] INFO [NODE-SDK:1.0.0:e2fd7761-e82e-4152-8f55-0aa9aa0e36c2] <Request>: Execution completed with raw json response: {"head":{"responseTimestamp":"1626416831144","version":"v1","signature":"HjwFzNvla29tK4Jx6SQbO2UfylJRxYhQ2z9md7pCYFw9N/CWLExF2O8mNvpKlnW/Lhg6SIK9xDO3bzUL2Jo5fqmidKqyGzlnN1keu2ccTdk="},"body":{"resultInfo":{"resultStatus":"S","resultCode":"0000","resultMsg":"Success"},"txnToken":"c31665c3a1614d92b4a747b2b92d2dbf1626416831019","isPromoCodeValid":false,"authenticated":false}}
